22:39:48 **** Rebuild of configuration Debug for project TP_[3] ****
Info: Internal Builder is used for build
gcc -O0 -g3 -Wall -c -fmessage-length=0 -o GetPassengerData.o "..\\GetPassengerData.c" 
gcc -O0 -g3 -Wall -c -fmessage-length=0 -o main.o "..\\main.c" 
..\main.c: In function 'main':
..\main.c:28:14: warning: unused variable 'listaPasajeros' [-Wunused-variable]
   28 |  LinkedList* listaPasajeros = ll_newLinkedList();
      |              ^~~~~~~~~~~~~~
gcc -O0 -g3 -Wall -c -fmessage-length=0 -o parser.o "..\\parser.c" 
gcc -O0 -g3 -Wall -c -fmessage-length=0 -o Controller.o "..\\Controller.c" 
gcc -O0 -g3 -Wall -c -fmessage-length=0 -o MenusReportsOthers.o "..\\MenusReportsOthers.c" 
gcc -O0 -g3 -Wall -c -fmessage-length=0 -o Passenger.o "..\\Passenger.c" 
..\Passenger.c:16:1: error: unknown type name 'Passenger'
   16 | Passenger* Passenger_new() {
      | ^~~~~~~~~
..\Passenger.c: In function 'Passenger_new':
..\Passenger.c:17:2: error: unknown type name 'Passenger'
   17 |  Passenger * onePassenger;
      |  ^~~~~~~~~
..\Passenger.c:18:18: error: 'Passenger' undeclared (first use in this function); did you mean 'onePassenger'?
   18 |  onePassenger = (Passenger *) malloc(sizeof(Passenger));
      |                  ^~~~~~~~~
      |                  onePassenger
..\Passenger.c:18:18: note: each undeclared identifier is reported only once for each function it appears in
..\Passenger.c:18:29: error: expected expression before ')' token
   18 |  onePassenger = (Passenger *) malloc(sizeof(Passenger));
      |                             ^
..\Passenger.c:20:3: warning: implicit declaration of function 'Passenger_setId'; did you mean 'Passenger_new'? [-Wimplicit-function-declaration]
   20 |   Passenger_setId(onePassenger, 0);
      |   ^~~~~~~~~~~~~~~
      |   Passenger_new
..\Passenger.c:21:3: warning: implicit declaration of function 'Passenger_setNombre' [-Wimplicit-function-declaration]
   21 |   Passenger_setNombre(onePassenger, " ", 50);
      |   ^~~~~~~~~~~~~~~~~~~
..\Passenger.c:22:3: warning: implicit declaration of function 'Passenger_setApellido' [-Wimplicit-function-declaration]
   22 |   Passenger_setApellido(onePassenger, " ", 50);
      |   ^~~~~~~~~~~~~~~~~~~~~
..\Passenger.c:23:3: warning: implicit declaration of function 'Passenger_setPrecio' [-Wimplicit-function-declaration]
   23 |   Passenger_setPrecio(onePassenger, 1);
      |   ^~~~~~~~~~~~~~~~~~~
..\Passenger.c:24:3: warning: implicit declaration of function 'Passenger_setTipoPasajero' [-Wimplicit-function-declaration]
   24 |   Passenger_setTipoPasajero(onePassenger, 1);
      |   ^~~~~~~~~~~~~~~~~~~~~~~~~
..\Passenger.c:25:3: warning: implicit declaration of function 'Passenger_setCodigoVuelo' [-Wimplicit-function-declaration]
   25 |   Passenger_setCodigoVuelo(onePassenger, " ", 8);
      |   ^~~~~~~~~~~~~~~~~~~~~~~~
..\Passenger.c: At top level:
..\Passenger.c:36:1: error: unknown type name 'Passenger'
   36 | Passenger* Passenger_newParametros(int id, char* nombre,char* apellido, float precio, int tipoPax, char* codigoVuelo) {
      | ^~~~~~~~~
..\Passenger.c: In function 'Passenger_newParametros':
..\Passenger.c:37:2: error: unknown type name 'Passenger'
   37 |  Passenger *pPassenger;
      |  ^~~~~~~~~
..\Passenger.c: At top level:
..\Passenger.c:59:21: error: unknown type name 'Passenger'
   59 | int Passenger_setId(Passenger* this, int id) {
      |                     ^~~~~~~~~
..\Passenger.c:76:21: error: unknown type name 'Passenger'
   76 | int Passenger_getId(Passenger* this, int * id) {
      |                     ^~~~~~~~~
..\Passenger.c:94:25: error: unknown type name 'Passenger'
   94 | int Passenger_setNombre(Passenger* this, char* nombre, int len_name) {
      |                         ^~~~~~~~~
..\Passenger.c:112:25: error: unknown type name 'Passenger'
  112 | int Passenger_getNombre(Passenger* this, char* nombre, int len_name) {
      |                         ^~~~~~~~~
..\Passenger.c:130:27: error: unknown type name 'Passenger'
  130 | int Passenger_setApellido(Passenger* this, char* apellido, int len_apellido) {
      |                           ^~~~~~~~~
..\Passenger.c:148:27: error: unknown type name 'Passenger'
  148 | int Passenger_getApellido(Passenger* this, char* apellido, int len_apellido) {
      |                           ^~~~~~~~~
..\Passenger.c:166:30: error: unknown type name 'Passenger'
  166 | int Passenger_setCodigoVuelo(Passenger* this,char* codigoVuelo, int len_codigo) {
      |                              ^~~~~~~~~
..\Passenger.c:184:30: error: unknown type name 'Passenger'
  184 | int Passenger_getCodigoVuelo(Passenger* this,char* codigoVuelo, int len_codigo) {
      |                              ^~~~~~~~~
..\Passenger.c:201:31: error: unknown type name 'Passenger'
  201 | int Passenger_setTipoPasajero(Passenger* this, int tipoPasajero) {
      |                               ^~~~~~~~~
..\Passenger.c:218:31: error: unknown type name 'Passenger'
  218 | int Passenger_getTipoPasajero(Passenger* this, int * tipoPasajero) {
      |                               ^~~~~~~~~
..\Passenger.c:235:25: error: unknown type name 'Passenger'
  235 | int Passenger_setPrecio(Passenger* this, float precio) {
      |                         ^~~~~~~~~
..\Passenger.c:252:25: error: unknown type name 'Passenger'
  252 | int Passenger_getPrecio(Passenger* this, float * precio) {
      |                         ^~~~~~~~~
22:44:16 **** Incremental Build of configuration Debug for project TP_[3] ****
Info: Internal Builder is used for build
gcc -O0 -g3 -Wall -c -fmessage-length=0 -o main.o "..\\main.c" 
..\main.c: In function 'main':
..\main.c:28:14: warning: unused variable 'listaPasajeros' [-Wunused-variable]
   28 |  LinkedList* listaPasajeros = ll_newLinkedList();
      |              ^~~~~~~~~~~~~~
gcc -O0 -g3 -Wall -c -fmessage-length=0 -o parser.o "..\\parser.c" 
gcc -O0 -g3 -Wall -c -fmessage-length=0 -o Controller.o "..\\Controller.c" 
gcc -O0 -g3 -Wall -c -fmessage-length=0 -o Passenger.o "..\\Passenger.c" 
..\Passenger.c:16:1: error: unknown type name 'Passenger'
   16 | Passenger* Passenger_new() {
      | ^~~~~~~~~
..\Passenger.c: In function 'Passenger_new':
..\Passenger.c:17:2: error: unknown type name 'Passenger'
   17 |  Passenger * onePassenger;
      |  ^~~~~~~~~
..\Passenger.c:18:18: error: 'Passenger' undeclared (first use in this function); did you mean 'onePassenger'?
   18 |  onePassenger = (Passenger *) malloc(sizeof(Passenger));
      |                  ^~~~~~~~~
      |                  onePassenger
..\Passenger.c:18:18: note: each undeclared identifier is reported only once for each function it appears in
..\Passenger.c:18:29: error: expected expression before ')' token
   18 |  onePassenger = (Passenger *) malloc(sizeof(Passenger));
      |                             ^
..\Passenger.c:20:3: warning: implicit declaration of function 'Passenger_setId'; did you mean 'Passenger_new'? [-Wimplicit-function-declaration]
   20 |   Passenger_setId(onePassenger, 0);
      |   ^~~~~~~~~~~~~~~
      |   Passenger_new
..\Passenger.c:21:3: warning: implicit declaration of function 'Passenger_setNombre' [-Wimplicit-function-declaration]
   21 |   Passenger_setNombre(onePassenger, " ", 50);
      |   ^~~~~~~~~~~~~~~~~~~
..\Passenger.c:22:3: warning: implicit declaration of function 'Passenger_setApellido' [-Wimplicit-function-declaration]
   22 |   Passenger_setApellido(onePassenger, " ", 50);
      |   ^~~~~~~~~~~~~~~~~~~~~
..\Passenger.c:23:3: warning: implicit declaration of function 'Passenger_setPrecio' [-Wimplicit-function-declaration]
   23 |   Passenger_setPrecio(onePassenger, 1);
      |   ^~~~~~~~~~~~~~~~~~~
..\Passenger.c:24:3: warning: implicit declaration of function 'Passenger_setTipoPasajero' [-Wimplicit-function-declaration]
   24 |   Passenger_setTipoPasajero(onePassenger, 1);
      |   ^~~~~~~~~~~~~~~~~~~~~~~~~
..\Passenger.c:25:3: warning: implicit declaration of function 'Passenger_setCodigoVuelo' [-Wimplicit-function-declaration]
   25 |   Passenger_setCodigoVuelo(onePassenger, " ", 8);
      |   ^~~~~~~~~~~~~~~~~~~~~~~~
..\Passenger.c: At top level:
..\Passenger.c:36:1: error: unknown type name 'Passenger'
   36 | Passenger* Passenger_newParametros(int id, char* nombre,char* apellido, float precio,
      | ^~~~~~~~~
..\Passenger.c: In function 'Passenger_newParametros':
..\Passenger.c:38:2: error: unknown type name 'Passenger'
   38 |  Passenger *pPassenger;
      |  ^~~~~~~~~
..\Passenger.c: At top level:
..\Passenger.c:60:21: error: unknown type name 'Passenger'
   60 | int Passenger_setId(Passenger* this, int id) {
      |                     ^~~~~~~~~
..\Passenger.c:77:21: error: unknown type name 'Passenger'
   77 | int Passenger_getId(Passenger* this, int * id) {
      |                     ^~~~~~~~~
..\Passenger.c:95:25: error: unknown type name 'Passenger'
   95 | int Passenger_setNombre(Passenger* this, char* nombre, int len_name) {
      |                         ^~~~~~~~~
..\Passenger.c:113:25: error: unknown type name 'Passenger'
  113 | int Passenger_getNombre(Passenger* this, char* nombre, int len_name) {
      |                         ^~~~~~~~~
..\Passenger.c:131:27: error: unknown type name 'Passenger'
  131 | int Passenger_setApellido(Passenger* this, char* apellido, int len_apellido) {
      |                           ^~~~~~~~~
..\Passenger.c:149:27: error: unknown type name 'Passenger'
  149 | int Passenger_getApellido(Passenger* this, char* apellido, int len_apellido) {
      |                           ^~~~~~~~~
..\Passenger.c:167:30: error: unknown type name 'Passenger'
  167 | int Passenger_setCodigoVuelo(Passenger* this,char* codigoVuelo, int len_codigo) {
      |                              ^~~~~~~~~
..\Passenger.c:185:30: error: unknown type name 'Passenger'
  185 | int Passenger_getCodigoVuelo(Passenger* this,char* codigoVuelo, int len_codigo) {
      |                              ^~~~~~~~~
..\Passenger.c:202:31: error: unknown type name 'Passenger'
  202 | int Passenger_setTipoPasajero(Passenger* this, int tipoPasajero) {
      |                               ^~~~~~~~~
..\Passenger.c:219:31: error: unknown type name 'Passenger'
  219 | int Passenger_getTipoPasajero(Passenger* this, int * tipoPasajero) {
      |                               ^~~~~~~~~
..\Passenger.c:236:25: error: unknown type name 'Passenger'
  236 | int Passenger_setPrecio(Passenger* this, float precio) {
      |                         ^~~~~~~~~
..\Passenger.c:253:25: error: unknown type name 'Passenger'
  253 | int Passenger_getPrecio(Passenger* this, float * precio) {
      |                         ^~~~~~~~~
22:45:33 **** Incremental Build of configuration Debug for project TP_[3] ****
Info: Internal Builder is used for build
gcc -O0 -g3 -Wall -c -fmessage-length=0 -o Passenger.o "..\\Passenger.c" 
..\Passenger.c: In function 'Passenger_new':
..\Passenger.c:19:31: warning: implicit declaration of function 'malloc' [-Wimplicit-function-declaration]
   19 |  onePassenger = (Passenger *) malloc(sizeof(Passenger));
      |                               ^~~~~~
..\Passenger.c:19:31: warning: incompatible implicit declaration of built-in function 'malloc'
..\Passenger.c:10:1: note: include '<stdlib.h>' or provide a declaration of 'malloc'
    9 | #include "Passenger.h"
  +++ |+#include <stdlib.h>
   10 | 
..\Passenger.c: In function 'Passenger_setNombre':
..\Passenger.c:100:3: warning: implicit declaration of function 'strncpy' [-Wimplicit-function-declaration]
  100 |   strncpy(this->nombre, nombre, len_name);
      |   ^~~~~~~
..\Passenger.c:100:3: warning: incompatible implicit declaration of built-in function 'strncpy'
..\Passenger.c:10:1: note: include '<string.h>' or provide a declaration of 'strncpy'
    9 | #include "Passenger.h"
  +++ |+#include <string.h>
   10 | 
..\Passenger.c: At top level:
..\Passenger.c:114:5: error: conflicting types for 'Passenger_getNombre'
  114 | int Passenger_getNombre(Passenger* this, char* nombre, int len_name) {
      |     ^~~~~~~~~~~~~~~~~~~
In file included from ..\Passenger.c:9:
..\Passenger.h:35:5: note: previous declaration of 'Passenger_getNombre' was here
   35 | int Passenger_getNombre(Passenger* this);
      |     ^~~~~~~~~~~~~~~~~~~
..\Passenger.c: In function 'Passenger_getNombre':
..\Passenger.c:118:3: warning: incompatible implicit declaration of built-in function 'strncpy'
  118 |   strncpy(nombre, this->nombre, len_name);
      |   ^~~~~~~
..\Passenger.c:118:3: note: include '<string.h>' or provide a declaration of 'strncpy'
..\Passenger.c: In function 'Passenger_setApellido':
..\Passenger.c:136:3: warning: incompatible implicit declaration of built-in function 'strncpy'
  136 |   strncpy(this->apellido, apellido, len_apellido);
      |   ^~~~~~~
..\Passenger.c:136:3: note: include '<string.h>' or provide a declaration of 'strncpy'
..\Passenger.c: At top level:
..\Passenger.c:150:5: error: conflicting types for 'Passenger_getApellido'
  150 | int Passenger_getApellido(Passenger* this, char* apellido, int len_apellido) {
      |     ^~~~~~~~~~~~~~~~~~~~~
In file included from ..\Passenger.c:9:
..\Passenger.h:39:5: note: previous declaration of 'Passenger_getApellido' was here
   39 | int Passenger_getApellido(Passenger* this);
      |     ^~~~~~~~~~~~~~~~~~~~~
..\Passenger.c: In function 'Passenger_getApellido':
..\Passenger.c:154:3: warning: incompatible implicit declaration of built-in function 'strncpy'
  154 |   strncpy(apellido, this->apellido, len_apellido);
      |   ^~~~~~~
..\Passenger.c:154:3: note: include '<string.h>' or provide a declaration of 'strncpy'
..\Passenger.c: In function 'Passenger_setCodigoVuelo':
..\Passenger.c:172:3: warning: incompatible implicit declaration of built-in function 'strncpy'
  172 |   strncpy(this->codigoVuelo, codigoVuelo, len_codigo);
      |   ^~~~~~~
..\Passenger.c:172:3: note: include '<string.h>' or provide a declaration of 'strncpy'
..\Passenger.c: At top level:
..\Passenger.c:186:5: error: conflicting types for 'Passenger_getCodigoVuelo'
  186 | int Passenger_getCodigoVuelo(Passenger* this,char* codigoVuelo, int len_codigo) {
      |     ^~~~~~~~~~~~~~~~~~~~~~~~
In file included from ..\Passenger.c:9:
..\Passenger.h:42:5: note: previous declaration of 'Passenger_getCodigoVuelo' was here
   42 | int Passenger_getCodigoVuelo(Passenger* this,char* codigoVuelo);
      |     ^~~~~~~~~~~~~~~~~~~~~~~~
..\Passenger.c: In function 'Passenger_getCodigoVuelo':
..\Passenger.c:190:3: warning: incompatible implicit declaration of built-in function 'strncpy'
  190 |   strncpy(codigoVuelo, this->codigoVuelo, len_codigo);
      |   ^~~~~~~
..\Passenger.c:190:3: note: include '<string.h>' or provide a declaration of 'strncpy'
..\Passenger.c: At top level:
..\Passenger.c:254:5: error: conflicting types for 'Passenger_getPrecio'
  254 | int Passenger_getPrecio(Passenger* this, float * precio) {
      |     ^~~~~~~~~~~~~~~~~~~
In file included from ..\Passenger.c:9:
..\Passenger.h:48:5: note: previous declaration of 'Passenger_getPrecio' was here
   48 | int Passenger_getPrecio(Passenger* this);
      |     ^~~~~~~~~~~~~~~~~~~
22:46:35 **** Incremental Build of configuration Debug for project TP_[3] ****
Info: Internal Builder is used for build
gcc -O0 -g3 -Wall -c -fmessage-length=0 -o Passenger.o "..\\Passenger.c" 
..\Passenger.c: In function 'Passenger_setNombre':
..\Passenger.c:101:3: warning: implicit declaration of function 'strncpy' [-Wimplicit-function-declaration]
  101 |   strncpy(this->nombre, nombre, len_name);
      |   ^~~~~~~
..\Passenger.c:101:3: warning: incompatible implicit declaration of built-in function 'strncpy'
..\Passenger.c:11:1: note: include '<string.h>' or provide a declaration of 'strncpy'
   10 | #include "Passenger.h"
  +++ |+#include <string.h>
   11 | 
..\Passenger.c: At top level:
..\Passenger.c:115:5: error: conflicting types for 'Passenger_getNombre'
  115 | int Passenger_getNombre(Passenger* this, char* nombre, int len_name) {
      |     ^~~~~~~~~~~~~~~~~~~
In file included from ..\Passenger.c:10:
..\Passenger.h:35:5: note: previous declaration of 'Passenger_getNombre' was here
   35 | int Passenger_getNombre(Passenger* this);
      |     ^~~~~~~~~~~~~~~~~~~
..\Passenger.c: In function 'Passenger_getNombre':
..\Passenger.c:119:3: warning: incompatible implicit declaration of built-in function 'strncpy'
  119 |   strncpy(nombre, this->nombre, len_name);
      |   ^~~~~~~
..\Passenger.c:119:3: note: include '<string.h>' or provide a declaration of 'strncpy'
..\Passenger.c: In function 'Passenger_setApellido':
..\Passenger.c:137:3: warning: incompatible implicit declaration of built-in function 'strncpy'
  137 |   strncpy(this->apellido, apellido, len_apellido);
      |   ^~~~~~~
..\Passenger.c:137:3: note: include '<string.h>' or provide a declaration of 'strncpy'
..\Passenger.c: At top level:
..\Passenger.c:151:5: error: conflicting types for 'Passenger_getApellido'
  151 | int Passenger_getApellido(Passenger* this, char* apellido, int len_apellido) {
      |     ^~~~~~~~~~~~~~~~~~~~~
In file included from ..\Passenger.c:10:
..\Passenger.h:39:5: note: previous declaration of 'Passenger_getApellido' was here
   39 | int Passenger_getApellido(Passenger* this);
      |     ^~~~~~~~~~~~~~~~~~~~~
..\Passenger.c: In function 'Passenger_getApellido':
..\Passenger.c:155:3: warning: incompatible implicit declaration of built-in function 'strncpy'
  155 |   strncpy(apellido, this->apellido, len_apellido);
      |   ^~~~~~~
..\Passenger.c:155:3: note: include '<string.h>' or provide a declaration of 'strncpy'
..\Passenger.c: In function 'Passenger_setCodigoVuelo':
..\Passenger.c:173:3: warning: incompatible implicit declaration of built-in function 'strncpy'
  173 |   strncpy(this->codigoVuelo, codigoVuelo, len_codigo);
      |   ^~~~~~~
..\Passenger.c:173:3: note: include '<string.h>' or provide a declaration of 'strncpy'
..\Passenger.c: At top level:
..\Passenger.c:187:5: error: conflicting types for 'Passenger_getCodigoVuelo'
  187 | int Passenger_getCodigoVuelo(Passenger* this,char* codigoVuelo, int len_codigo) {
      |     ^~~~~~~~~~~~~~~~~~~~~~~~
In file included from ..\Passenger.c:10:
..\Passenger.h:42:5: note: previous declaration of 'Passenger_getCodigoVuelo' was here
   42 | int Passenger_getCodigoVuelo(Passenger* this,char* codigoVuelo);
      |     ^~~~~~~~~~~~~~~~~~~~~~~~
..\Passenger.c: In function 'Passenger_getCodigoVuelo':
..\Passenger.c:191:3: warning: incompatible implicit declaration of built-in function 'strncpy'
  191 |   strncpy(codigoVuelo, this->codigoVuelo, len_codigo);
      |   ^~~~~~~
..\Passenger.c:191:3: note: include '<string.h>' or provide a declaration of 'strncpy'
..\Passenger.c: At top level:
..\Passenger.c:255:5: error: conflicting types for 'Passenger_getPrecio'
  255 | int Passenger_getPrecio(Passenger* this, float * precio) {
      |     ^~~~~~~~~~~~~~~~~~~
In file included from ..\Passenger.c:10:
..\Passenger.h:48:5: note: previous declaration of 'Passenger_getPrecio' was here
   48 | int Passenger_getPrecio(Passenger* this);
      |     ^~~~~~~~~~~~~~~~~~~
22:47:26 **** Incremental Build of configuration Debug for project TP_[3] ****
Info: Internal Builder is used for build
gcc -O0 -g3 -Wall -c -fmessage-length=0 -o Passenger.o "..\\Passenger.c" 
..\Passenger.c: In function 'Passenger_setNombre':
..\Passenger.c:101:3: warning: implicit declaration of function 'strncpy' [-Wimplicit-function-declaration]
  101 |   strncpy(this->nombre, nombre, len_name);
      |   ^~~~~~~
..\Passenger.c:101:3: warning: incompatible implicit declaration of built-in function 'strncpy'
..\Passenger.c:11:1: note: include '<string.h>' or provide a declaration of 'strncpy'
   10 | #include "Passenger.h"
  +++ |+#include <string.h>
   11 | 
..\Passenger.c: At top level:
..\Passenger.c:115:5: error: conflicting types for 'Passenger_getNombre'
  115 | int Passenger_getNombre(Passenger* this, char* nombre, int len_name) {
      |     ^~~~~~~~~~~~~~~~~~~
In file included from ..\Passenger.c:10:
..\Passenger.h:35:5: note: previous declaration of 'Passenger_getNombre' was here
   35 | int Passenger_getNombre(Passenger* this);
      |     ^~~~~~~~~~~~~~~~~~~
..\Passenger.c: In function 'Passenger_getNombre':
..\Passenger.c:119:3: warning: incompatible implicit declaration of built-in function 'strncpy'
  119 |   strncpy(*nombre, this->nombre, len_name);
      |   ^~~~~~~
..\Passenger.c:119:3: note: include '<string.h>' or provide a declaration of 'strncpy'
..\Passenger.c:119:11: warning: passing argument 1 of 'strncpy' makes pointer from integer without a cast [-Wint-conversion]
  119 |   strncpy(*nombre, this->nombre, len_name);
      |           ^~~~~~~
      |           |
      |           char
..\Passenger.c:119:11: note: expected 'char *' but argument is of type 'char'
..\Passenger.c: In function 'Passenger_setApellido':
..\Passenger.c:137:3: warning: incompatible implicit declaration of built-in function 'strncpy'
  137 |   strncpy(this->apellido, apellido, len_apellido);
      |   ^~~~~~~
..\Passenger.c:137:3: note: include '<string.h>' or provide a declaration of 'strncpy'
..\Passenger.c: At top level:
..\Passenger.c:151:5: error: conflicting types for 'Passenger_getApellido'
  151 | int Passenger_getApellido(Passenger* this, char* apellido, int len_apellido) {
      |     ^~~~~~~~~~~~~~~~~~~~~
In file included from ..\Passenger.c:10:
..\Passenger.h:39:5: note: previous declaration of 'Passenger_getApellido' was here
   39 | int Passenger_getApellido(Passenger* this);
      |     ^~~~~~~~~~~~~~~~~~~~~
..\Passenger.c: In function 'Passenger_getApellido':
..\Passenger.c:155:3: warning: incompatible implicit declaration of built-in function 'strncpy'
  155 |   strncpy(apellido, this->apellido, len_apellido);
      |   ^~~~~~~
..\Passenger.c:155:3: note: include '<string.h>' or provide a declaration of 'strncpy'
..\Passenger.c: In function 'Passenger_setCodigoVuelo':
..\Passenger.c:173:3: warning: incompatible implicit declaration of built-in function 'strncpy'
  173 |   strncpy(this->codigoVuelo, codigoVuelo, len_codigo);
      |   ^~~~~~~
..\Passenger.c:173:3: note: include '<string.h>' or provide a declaration of 'strncpy'
..\Passenger.c: At top level:
..\Passenger.c:187:5: error: conflicting types for 'Passenger_getCodigoVuelo'
  187 | int Passenger_getCodigoVuelo(Passenger* this,char* codigoVuelo, int len_codigo) {
      |     ^~~~~~~~~~~~~~~~~~~~~~~~
In file included from ..\Passenger.c:10:
..\Passenger.h:42:5: note: previous declaration of 'Passenger_getCodigoVuelo' was here
   42 | int Passenger_getCodigoVuelo(Passenger* this,char* codigoVuelo);
      |     ^~~~~~~~~~~~~~~~~~~~~~~~
..\Passenger.c: In function 'Passenger_getCodigoVuelo':
..\Passenger.c:191:3: warning: incompatible implicit declaration of built-in function 'strncpy'
  191 |   strncpy(codigoVuelo, this->codigoVuelo, len_codigo);
      |   ^~~~~~~
..\Passenger.c:191:3: note: include '<string.h>' or provide a declaration of 'strncpy'
..\Passenger.c: At top level:
..\Passenger.c:255:5: error: conflicting types for 'Passenger_getPrecio'
  255 | int Passenger_getPrecio(Passenger* this, float * precio) {
      |     ^~~~~~~~~~~~~~~~~~~
In file included from ..\Passenger.c:10:
..\Passenger.h:48:5: note: previous declaration of 'Passenger_getPrecio' was here
   48 | int Passenger_getPrecio(Passenger* this);
      |     ^~~~~~~~~~~~~~~~~~~
22:49:35 **** Incremental Build of configuration Debug for project TP_[3] ****
Info: Internal Builder is used for build
gcc -O0 -g3 -Wall -c -fmessage-length=0 -o main.o "..\\main.c" 
..\main.c: In function 'main':
..\main.c:28:14: warning: unused variable 'listaPasajeros' [-Wunused-variable]
   28 |  LinkedList* listaPasajeros = ll_newLinkedList();
      |              ^~~~~~~~~~~~~~
gcc -O0 -g3 -Wall -c -fmessage-length=0 -o parser.o "..\\parser.c" 
gcc -O0 -g3 -Wall -c -fmessage-length=0 -o Passenger.o "..\\Passenger.c" 
..\Passenger.c: In function 'Passenger_setNombre':
..\Passenger.c:101:3: warning: implicit declaration of function 'strncpy' [-Wimplicit-function-declaration]
  101 |   strncpy(this->nombre, nombre, len_name);
      |   ^~~~~~~
..\Passenger.c:101:3: warning: incompatible implicit declaration of built-in function 'strncpy'
..\Passenger.c:11:1: note: include '<string.h>' or provide a declaration of 'strncpy'
   10 | #include "Passenger.h"
  +++ |+#include <string.h>
   11 | 
..\Passenger.c: In function 'Passenger_getNombre':
..\Passenger.c:119:3: warning: incompatible implicit declaration of built-in function 'strncpy'
  119 |   strncpy(*nombre, this->nombre, len_name);
      |   ^~~~~~~
..\Passenger.c:119:3: note: include '<string.h>' or provide a declaration of 'strncpy'
..\Passenger.c:119:11: warning: passing argument 1 of 'strncpy' makes pointer from integer without a cast [-Wint-conversion]
  119 |   strncpy(*nombre, this->nombre, len_name);
      |           ^~~~~~~
      |           |
      |           char
..\Passenger.c:119:11: note: expected 'char *' but argument is of type 'char'
..\Passenger.c: In function 'Passenger_setApellido':
..\Passenger.c:137:3: warning: incompatible implicit declaration of built-in function 'strncpy'
  137 |   strncpy(this->apellido, apellido, len_apellido);
      |   ^~~~~~~
..\Passenger.c:137:3: note: include '<string.h>' or provide a declaration of 'strncpy'
..\Passenger.c: In function 'Passenger_getApellido':
..\Passenger.c:155:3: warning: incompatible implicit declaration of built-in function 'strncpy'
  155 |   strncpy(apellido, this->apellido, len_apellido);
      |   ^~~~~~~
..\Passenger.c:155:3: note: include '<string.h>' or provide a declaration of 'strncpy'
..\Passenger.c: In function 'Passenger_setCodigoVuelo':
..\Passenger.c:173:3: warning: incompatible implicit declaration of built-in function 'strncpy'
  173 |   strncpy(this->codigoVuelo, codigoVuelo, len_codigo);
      |   ^~~~~~~
..\Passenger.c:173:3: note: include '<string.h>' or provide a declaration of 'strncpy'
..\Passenger.c: In function 'Passenger_getCodigoVuelo':
..\Passenger.c:191:3: warning: incompatible implicit declaration of built-in function 'strncpy'
  191 |   strncpy(*codigoVuelo, this->codigoVuelo, len_codigo);
      |   ^~~~~~~
..\Passenger.c:191:3: note: include '<string.h>' or provide a declaration of 'strncpy'
..\Passenger.c:191:11: warning: passing argument 1 of 'strncpy' makes pointer from integer without a cast [-Wint-conversion]
  191 |   strncpy(*codigoVuelo, this->codigoVuelo, len_codigo);
      |           ^~~~~~~~~~~~
      |           |
      |           char
..\Passenger.c:191:11: note: expected 'char *' but argument is of type 'char'
gcc -O0 -g3 -Wall -c -fmessage-length=0 -o Controller.o "..\\Controller.c" 
gcc "-LC:\\Users\\super\\repos\\tp_laboratorio_1\\TP_[3]" -o TP_[3].exe Controller.o GetData.o GetPassengerData.o MenusReportsOthers.o Passenger.o main.o parser.o -lLinkedList 
c:/mingw/bin/../lib/gcc/mingw32/9.2.0/../../../../mingw32/bin/ld.exe: Passenger.o: in function `getNewId':
C:\Users\super\repos\tp_laboratorio_1\TP_[3]\Debug/../Passenger.c:271: multiple definition of `getNewId'; GetData.o:C:\Users\super\repos\tp_laboratorio_1\TP_[3]\Debug/../GetData.c:224: first defined here
collect2.exe: error: ld returned 1 exit status
22:51:12 **** Incremental Build of configuration Debug for project TP_[3] ****
Info: Internal Builder is used for build
gcc -O0 -g3 -Wall -c -fmessage-length=0 -o main.o "..\\main.c" 
gcc -O0 -g3 -Wall -c -fmessage-length=0 -o Passenger.o "..\\Passenger.c" 
..\Passenger.c: In function 'Passenger_setNombre':
..\Passenger.c:101:3: warning: implicit declaration of function 'strncpy' [-Wimplicit-function-declaration]
  101 |   strncpy(this->nombre, *nombre, len_name);
      |   ^~~~~~~
..\Passenger.c:101:3: warning: incompatible implicit declaration of built-in function 'strncpy'
..\Passenger.c:11:1: note: include '<string.h>' or provide a declaration of 'strncpy'
   10 | #include "Passenger.h"
  +++ |+#include <string.h>
   11 | 
..\Passenger.c:101:25: warning: passing argument 2 of 'strncpy' makes pointer from integer without a cast [-Wint-conversion]
  101 |   strncpy(this->nombre, *nombre, len_name);
      |                         ^~~~~~~
      |                         |
      |                         char
..\Passenger.c:101:25: note: expected 'const char *' but argument is of type 'char'
..\Passenger.c: In function 'Passenger_getNombre':
..\Passenger.c:119:3: warning: incompatible implicit declaration of built-in function 'strncpy'
  119 |   strncpy(*nombre, this->nombre, len_name);
      |   ^~~~~~~
..\Passenger.c:119:3: note: include '<string.h>' or provide a declaration of 'strncpy'
..\Passenger.c:119:11: warning: passing argument 1 of 'strncpy' makes pointer from integer without a cast [-Wint-conversion]
  119 |   strncpy(*nombre, this->nombre, len_name);
      |           ^~~~~~~
      |           |
      |           char
..\Passenger.c:119:11: note: expected 'char *' but argument is of type 'char'
..\Passenger.c: In function 'Passenger_setApellido':
..\Passenger.c:137:3: warning: incompatible implicit declaration of built-in function 'strncpy'
  137 |   strncpy(this->apellido, apellido, len_apellido);
      |   ^~~~~~~
..\Passenger.c:137:3: note: include '<string.h>' or provide a declaration of 'strncpy'
..\Passenger.c: In function 'Passenger_getApellido':
..\Passenger.c:155:3: warning: incompatible implicit declaration of built-in function 'strncpy'
  155 |   strncpy(apellido, this->apellido, len_apellido);
      |   ^~~~~~~
..\Passenger.c:155:3: note: include '<string.h>' or provide a declaration of 'strncpy'
..\Passenger.c: In function 'Passenger_setCodigoVuelo':
..\Passenger.c:173:3: warning: incompatible implicit declaration of built-in function 'strncpy'
  173 |   strncpy(this->codigoVuelo, codigoVuelo, len_codigo);
      |   ^~~~~~~
..\Passenger.c:173:3: note: include '<string.h>' or provide a declaration of 'strncpy'
..\Passenger.c: In function 'Passenger_getCodigoVuelo':
..\Passenger.c:191:3: warning: incompatible implicit declaration of built-in function 'strncpy'
  191 |   strncpy(*codigoVuelo, this->codigoVuelo, len_codigo);
      |   ^~~~~~~
..\Passenger.c:191:3: note: include '<string.h>' or provide a declaration of 'strncpy'
..\Passenger.c:191:11: warning: passing argument 1 of 'strncpy' makes pointer from integer without a cast [-Wint-conversion]
  191 |   strncpy(*codigoVuelo, this->codigoVuelo, len_codigo);
      |           ^~~~~~~~~~~~
      |           |
      |           char
..\Passenger.c:191:11: note: expected 'char *' but argument is of type 'char'
gcc "-LC:\\Users\\super\\repos\\tp_laboratorio_1\\TP_[3]" -o TP_[3].exe Controller.o GetData.o GetPassengerData.o MenusReportsOthers.o Passenger.o main.o parser.o -lLinkedList 
c:/mingw/bin/../lib/gcc/mingw32/9.2.0/../../../../mingw32/bin/ld.exe: Passenger.o: in function `getNewId':
C:\Users\super\repos\tp_laboratorio_1\TP_[3]\Debug/../Passenger.c:271: multiple definition of `getNewId'; GetData.o:C:\Users\super\repos\tp_laboratorio_1\TP_[3]\Debug/../GetData.c:224: first defined here
collect2.exe: error: ld returned 1 exit status
22:52:00 **** Incremental Build of configuration Debug for project TP_[3] ****
Info: Internal Builder is used for build
gcc -O0 -g3 -Wall -c -fmessage-length=0 -o Passenger.o "..\\Passenger.c" 
..\Passenger.c: In function 'Passenger_setNombre':
..\Passenger.c:102:25: warning: passing argument 2 of 'strncpy' makes pointer from integer without a cast [-Wint-conversion]
  102 |   strncpy(this->nombre, *nombre, len_name);
      |                         ^~~~~~~
      |                         |
      |                         char
In file included from ..\Passenger.c:10:
c:\mingw\include\string.h:86:40: note: expected 'const char *' but argument is of type 'char'
   86 | _CRTIMP __cdecl __MINGW_NOTHROW  char *strncpy (char *, const char *, size_t);
      |                                        ^~~~~~~
..\Passenger.c: In function 'Passenger_getNombre':
..\Passenger.c:120:11: warning: passing argument 1 of 'strncpy' makes pointer from integer without a cast [-Wint-conversion]
  120 |   strncpy(*nombre, this->nombre, len_name);
      |           ^~~~~~~
      |           |
      |           char
In file included from ..\Passenger.c:10:
c:\mingw\include\string.h:86:40: note: expected 'char *' but argument is of type 'char'
   86 | _CRTIMP __cdecl __MINGW_NOTHROW  char *strncpy (char *, const char *, size_t);
      |                                        ^~~~~~~
..\Passenger.c: In function 'Passenger_getCodigoVuelo':
..\Passenger.c:192:11: warning: passing argument 1 of 'strncpy' makes pointer from integer without a cast [-Wint-conversion]
  192 |   strncpy(*codigoVuelo, this->codigoVuelo, len_codigo);
      |           ^~~~~~~~~~~~
      |           |
      |           char
In file included from ..\Passenger.c:10:
c:\mingw\include\string.h:86:40: note: expected 'char *' but argument is of type 'char'
   86 | _CRTIMP __cdecl __MINGW_NOTHROW  char *strncpy (char *, const char *, size_t);
      |                                        ^~~~~~~
gcc "-LC:\\Users\\super\\repos\\tp_laboratorio_1\\TP_[3]" -o TP_[3].exe Controller.o GetData.o GetPassengerData.o MenusReportsOthers.o Passenger.o main.o parser.o -lLinkedList 
c:/mingw/bin/../lib/gcc/mingw32/9.2.0/../../../../mingw32/bin/ld.exe: Passenger.o: in function `getNewId':
C:\Users\super\repos\tp_laboratorio_1\TP_[3]\Debug/../Passenger.c:272: multiple definition of `getNewId'; GetData.o:C:\Users\super\repos\tp_laboratorio_1\TP_[3]\Debug/../GetData.c:224: first defined here
collect2.exe: error: ld returned 1 exit status
22:53:06 **** Incremental Build of configuration Debug for project TP_[3] ****
Info: Internal Builder is used for build
gcc -O0 -g3 -Wall -c -fmessage-length=0 -o Passenger.o "..\\Passenger.c" 
..\Passenger.c: In function 'Passenger_setNombre':
..\Passenger.c:102:25: warning: passing argument 2 of 'strncpy' makes pointer from integer without a cast [-Wint-conversion]
  102 |   strncpy(this->nombre, *nombre, len_name);
      |                         ^~~~~~~
      |                         |
      |                         char
In file included from ..\Passenger.c:10:
c:\mingw\include\string.h:86:40: note: expected 'const char *' but argument is of type 'char'
   86 | _CRTIMP __cdecl __MINGW_NOTHROW  char *strncpy (char *, const char *, size_t);
      |                                        ^~~~~~~
..\Passenger.c: In function 'Passenger_getNombre':
..\Passenger.c:120:11: warning: passing argument 1 of 'strncpy' makes pointer from integer without a cast [-Wint-conversion]
  120 |   strncpy(*nombre, this->nombre, len_name);
      |           ^~~~~~~
      |           |
      |           char
In file included from ..\Passenger.c:10:
c:\mingw\include\string.h:86:40: note: expected 'char *' but argument is of type 'char'
   86 | _CRTIMP __cdecl __MINGW_NOTHROW  char *strncpy (char *, const char *, size_t);
      |                                        ^~~~~~~
gcc "-LC:\\Users\\super\\repos\\tp_laboratorio_1\\TP_[3]" -o TP_[3].exe Controller.o GetData.o GetPassengerData.o MenusReportsOthers.o Passenger.o main.o parser.o -lLinkedList 
c:/mingw/bin/../lib/gcc/mingw32/9.2.0/../../../../mingw32/bin/ld.exe: Passenger.o: in function `getNewId':
C:\Users\super\repos\tp_laboratorio_1\TP_[3]\Debug/../Passenger.c:272: multiple definition of `getNewId'; GetData.o:C:\Users\super\repos\tp_laboratorio_1\TP_[3]\Debug/../GetData.c:224: first defined here
collect2.exe: error: ld returned 1 exit status
22:53:19 **** Incremental Build of configuration Debug for project TP_[3] ****
Info: Internal Builder is used for build
gcc -O0 -g3 -Wall -c -fmessage-length=0 -o Passenger.o "..\\Passenger.c" 
..\Passenger.c: In function 'Passenger_setNombre':
..\Passenger.c:102:25: warning: passing argument 2 of 'strncpy' makes pointer from integer without a cast [-Wint-conversion]
  102 |   strncpy(this->nombre, *nombre, len_name);
      |                         ^~~~~~~
      |                         |
      |                         char
In file included from ..\Passenger.c:10:
c:\mingw\include\string.h:86:40: note: expected 'const char *' but argument is of type 'char'
   86 | _CRTIMP __cdecl __MINGW_NOTHROW  char *strncpy (char *, const char *, size_t);
      |                                        ^~~~~~~
gcc "-LC:\\Users\\super\\repos\\tp_laboratorio_1\\TP_[3]" -o TP_[3].exe Controller.o GetData.o GetPassengerData.o MenusReportsOthers.o Passenger.o main.o parser.o -lLinkedList 
c:/mingw/bin/../lib/gcc/mingw32/9.2.0/../../../../mingw32/bin/ld.exe: Passenger.o: in function `getNewId':
C:\Users\super\repos\tp_laboratorio_1\TP_[3]\Debug/../Passenger.c:272: multiple definition of `getNewId'; GetData.o:C:\Users\super\repos\tp_laboratorio_1\TP_[3]\Debug/../GetData.c:224: first defined here
collect2.exe: error: ld returned 1 exit status
22:53:29 **** Incremental Build of configuration Debug for project TP_[3] ****
Info: Internal Builder is used for build
gcc -O0 -g3 -Wall -c -fmessage-length=0 -o Passenger.o "..\\Passenger.c" 
gcc "-LC:\\Users\\super\\repos\\tp_laboratorio_1\\TP_[3]" -o TP_[3].exe Controller.o GetData.o GetPassengerData.o MenusReportsOthers.o Passenger.o main.o parser.o -lLinkedList 
c:/mingw/bin/../lib/gcc/mingw32/9.2.0/../../../../mingw32/bin/ld.exe: Passenger.o: in function `getNewId':
C:\Users\super\repos\tp_laboratorio_1\TP_[3]\Debug/../Passenger.c:272: multiple definition of `getNewId'; GetData.o:C:\Users\super\repos\tp_laboratorio_1\TP_[3]\Debug/../GetData.c:224: first defined here
collect2.exe: error: ld returned 1 exit status
22:54:07 **** Incremental Build of configuration Debug for project TP_[3] ****
Info: Internal Builder is used for build
gcc -O0 -g3 -Wall -c -fmessage-length=0 -o Passenger.o "..\\Passenger.c" 
gcc -O0 -g3 -Wall -c -fmessage-length=0 -o main.o "..\\main.c" 
gcc -O0 -g3 -Wall -c -fmessage-length=0 -o parser.o "..\\parser.c" 
gcc -O0 -g3 -Wall -c -fmessage-length=0 -o Controller.o "..\\Controller.c" 
gcc "-LC:\\Users\\super\\repos\\tp_laboratorio_1\\TP_[3]" -o TP_[3].exe Controller.o GetData.o GetPassengerData.o MenusReportsOthers.o Passenger.o main.o parser.o -lLinkedList 
Info: Nothing to build for TP_[3]
00:39:47 **** Incremental Build of configuration Debug for project TP_[3] ****
Info: Internal Builder is used for build
gcc -O0 -g3 -Wall -c -fmessage-length=0 -o parser.o "..\\parser.c" 
gcc -O0 -g3 -Wall -c -fmessage-length=0 -o Controller.o "..\\Controller.c" 
gcc -O0 -g3 -Wall -c -fmessage-length=0 -o GetData.o "..\\GetData.c" 
..\GetData.c: In function 'doYouConfirm':
..\GetData.c:325:8: warning: passing argument 1 of 'fgets' makes pointer from integer without a cast [-Wint-conversion]
  325 |  fgets(auxChar, 1, stdin);
      |        ^~~~~~~
      |        |
      |        char
In file included from ..\GetData.c:10:
c:\mingw\include\stdio.h:706:41: note: expected 'char *' but argument is of type 'char'
  706 | _CRTIMP __cdecl __MINGW_NOTHROW  char * fgets (char *, int, FILE *);
      |                                         ^~~~~
..\GetData.c:325:2: warning: 'auxChar' is used uninitialized in this function [-Wuninitialized]
  325 |  fgets(auxChar, 1, stdin);
      |  ^~~~~~~~~~~~~~~~~~~~~~~~
gcc -O0 -g3 -Wall -c -fmessage-length=0 -o GetPassengerData.o "..\\GetPassengerData.c" 
..\GetPassengerData.c: In function 'getPassengersLastName':
..\GetPassengerData.c:46:40: error: 'pName' undeclared (first use in this function)
   46 |   validation =  askArrayOfLettersValue(pName, len_char,
      |                                        ^~~~~
..\GetPassengerData.c:46:40: note: each undeclared identifier is reported only once for each function it appears in
00:40:17 **** Incremental Build of configuration Debug for project TP_[3] ****
Info: Internal Builder is used for build
gcc -O0 -g3 -Wall -c -fmessage-length=0 -o Passenger.o "..\\Passenger.c" 
gcc -O0 -g3 -Wall -c -fmessage-length=0 -o main.o "..\\main.c" 
gcc -O0 -g3 -Wall -c -fmessage-length=0 -o MenusReportsOthers.o "..\\MenusReportsOthers.c" 
gcc -O0 -g3 -Wall -c -fmessage-length=0 -o GetPassengerData.o "..\\GetPassengerData.c" 
gcc "-LC:\\Users\\super\\repos\\tp_laboratorio_1\\TP_[3]" -o TP_[3].exe Controller.o GetData.o GetPassengerData.o MenusReportsOthers.o Passenger.o main.o parser.o -lLinkedList 
Info: Nothing to build for TP_[3]
01:13:21 **** Incremental Build of configuration Debug for project TP_[3] ****
Info: Internal Builder is used for build
gcc -O0 -g3 -Wall -c -fmessage-length=0 -o MenusReportsOthers.o "..\\MenusReportsOthers.c" 
gcc -O0 -g3 -Wall -c -fmessage-length=0 -o Controller.o "..\\Controller.c" 
..\Controller.c: In function 'controller_addPassenger':
..\Controller.c:47:31: warning: implicit declaration of function 'askIntValue' [-Wimplicit-function-declaration]
   47 |   exitValueGetOptionSubMenu = askIntValue(&submenuOption, "Ingrese una opción: ",
      |                               ^~~~~~~~~~~
..\Controller.c:52:9: warning: implicit declaration of function 'getPassengersName' [-Wimplicit-function-declaration]
   52 |     if (getPassengersName(pName, 50, 3)) {
      |         ^~~~~~~~~~~~~~~~~
..\Controller.c:57:9: warning: implicit declaration of function 'getPassengersLastName' [-Wimplicit-function-declaration]
   57 |     if (getPassengersLastName(pLastName, 50, 3)) {
      |         ^~~~~~~~~~~~~~~~~~~~~
..\Controller.c:62:9: warning: implicit declaration of function 'getPassengersType' [-Wimplicit-function-declaration]
   62 |     if (getPassengersType(&auxTipoPax, 3)) {
      |         ^~~~~~~~~~~~~~~~~
..\Controller.c:67:9: warning: implicit declaration of function 'getPassengersFlightCode' [-Wimplicit-function-declaration]
   67 |     if (getPassengersFlightCode(pFlightCode, 8, 3)) {
      |         ^~~~~~~~~~~~~~~~~~~~~~~
..\Controller.c:72:9: warning: implicit declaration of function 'getPassengersPrice' [-Wimplicit-function-declaration]
   72 |     if (getPassengersPrice(&auxPrice, 1, 5000000, 3)) {
      |         ^~~~~~~~~~~~~~~~~~
gcc -O0 -g3 -Wall -c -fmessage-length=0 -o main.o "..\\main.c" 
gcc "-LC:\\Users\\super\\repos\\tp_laboratorio_1\\TP_[3]" -o TP_[3].exe Controller.o GetData.o GetPassengerData.o MenusReportsOthers.o Passenger.o main.o parser.o -lLinkedList 
01:13:45 **** Incremental Build of configuration Debug for project TP_[3] ****
Info: Internal Builder is used for build
gcc -O0 -g3 -Wall -c -fmessage-length=0 -o Controller.o "..\\Controller.c" 
..\Controller.c: In function 'controller_addPassenger':
..\Controller.c:48:31: warning: implicit declaration of function 'askIntValue' [-Wimplicit-function-declaration]
   48 |   exitValueGetOptionSubMenu = askIntValue(&submenuOption, "Ingrese una opción: ",
      |                               ^~~~~~~~~~~
gcc "-LC:\\Users\\super\\repos\\tp_laboratorio_1\\TP_[3]" -o TP_[3].exe Controller.o GetData.o GetPassengerData.o MenusReportsOthers.o Passenger.o main.o parser.o -lLinkedList 
01:14:10 **** Incremental Build of configuration Debug for project TP_[3] ****
Info: Internal Builder is used for build
gcc -O0 -g3 -Wall -c -fmessage-length=0 -o Controller.o "..\\Controller.c" 
gcc "-LC:\\Users\\super\\repos\\tp_laboratorio_1\\TP_[3]" -o TP_[3].exe Controller.o GetData.o GetPassengerData.o MenusReportsOthers.o Passenger.o main.o parser.o -lLinkedList 
Info: Nothing to build for TP_[3]
01:18:17 **** Incremental Build of configuration Debug for project TP_[3] ****
Info: Internal Builder is used for build
gcc -O0 -g3 -Wall -c -fmessage-length=0 -o GetData.o "..\\GetData.c" 
..\GetData.c: In function 'doYouConfirm':
..\GetData.c:328:8: warning: passing argument 1 of 'fgets' makes pointer from integer without a cast [-Wint-conversion]
  328 |  fgets(auxChar, 1, stdin);
      |        ^~~~~~~
      |        |
      |        char
In file included from ..\GetData.c:10:
c:\mingw\include\stdio.h:706:41: note: expected 'char *' but argument is of type 'char'
  706 | _CRTIMP __cdecl __MINGW_NOTHROW  char * fgets (char *, int, FILE *);
      |                                         ^~~~~
..\GetData.c:328:2: warning: 'auxChar' is used uninitialized in this function [-Wuninitialized]
  328 |  fgets(auxChar, 1, stdin);
      |  ^~~~~~~~~~~~~~~~~~~~~~~~
gcc "-LC:\\Users\\super\\repos\\tp_laboratorio_1\\TP_[3]" -o TP_[3].exe Controller.o GetData.o GetPassengerData.o MenusReportsOthers.o Passenger.o main.o parser.o -lLinkedList 
Info: Nothing to build for TP_[3]
01:20:29 **** Incremental Build of configuration Debug for project TP_[3] ****
Info: Internal Builder is used for build
gcc -O0 -g3 -Wall -c -fmessage-length=0 -o GetData.o "..\\GetData.c" 
..\GetData.c: In function 'doYouConfirm':
..\GetData.c:325:17: warning: initialization of 'char' from 'char *' makes integer from pointer without a cast [-Wint-conversion]
  325 |  char auxChar = " ";
      |                 ^~~
..\GetData.c:328:8: warning: passing argument 1 of 'fgets' makes pointer from integer without a cast [-Wint-conversion]
  328 |  fgets(auxChar, 1, stdin);
      |        ^~~~~~~
      |        |
      |        char
In file included from ..\GetData.c:10:
c:\mingw\include\stdio.h:706:41: note: expected 'char *' but argument is of type 'char'
  706 | _CRTIMP __cdecl __MINGW_NOTHROW  char * fgets (char *, int, FILE *);
      |                                         ^~~~~
gcc "-LC:\\Users\\super\\repos\\tp_laboratorio_1\\TP_[3]" -o TP_[3].exe Controller.o GetData.o GetPassengerData.o MenusReportsOthers.o Passenger.o main.o parser.o -lLinkedList 
01:20:46 **** Incremental Build of configuration Debug for project TP_[3] ****
Info: Internal Builder is used for build
gcc -O0 -g3 -Wall -c -fmessage-length=0 -o GetData.o "..\\GetData.c" 
..\GetData.c: In function 'doYouConfirm':
..\GetData.c:328:8: warning: passing argument 1 of 'fgets' makes pointer from integer without a cast [-Wint-conversion]
  328 |  fgets(auxChar, 1, stdin);
      |        ^~~~~~~
      |        |
      |        char
In file included from ..\GetData.c:10:
c:\mingw\include\stdio.h:706:41: note: expected 'char *' but argument is of type 'char'
  706 | _CRTIMP __cdecl __MINGW_NOTHROW  char * fgets (char *, int, FILE *);
      |                                         ^~~~~
..\GetData.c:328:2: warning: 'auxChar' is used uninitialized in this function [-Wuninitialized]
  328 |  fgets(auxChar, 1, stdin);
      |  ^~~~~~~~~~~~~~~~~~~~~~~~
gcc "-LC:\\Users\\super\\repos\\tp_laboratorio_1\\TP_[3]" -o TP_[3].exe Controller.o GetData.o GetPassengerData.o MenusReportsOthers.o Passenger.o main.o parser.o -lLinkedList 
01:20:56 **** Incremental Build of configuration Debug for project TP_[3] ****
Info: Internal Builder is used for build
gcc -O0 -g3 -Wall -c -fmessage-length=0 -o GetData.o "..\\GetData.c" 
gcc "-LC:\\Users\\super\\repos\\tp_laboratorio_1\\TP_[3]" -o TP_[3].exe Controller.o GetData.o GetPassengerData.o MenusReportsOthers.o Passenger.o main.o parser.o -lLinkedList 
Info: Nothing to build for TP_[3]
01:23:50 **** Incremental Build of configuration Debug for project TP_[3] ****
Info: Internal Builder is used for build
gcc -O0 -g3 -Wall -c -fmessage-length=0 -o GetData.o "..\\GetData.c" 
gcc "-LC:\\Users\\super\\repos\\tp_laboratorio_1\\TP_[3]" -o TP_[3].exe Controller.o GetData.o GetPassengerData.o MenusReportsOthers.o Passenger.o main.o parser.o -lLinkedList 
Info: Nothing to build for TP_[3]
01:27:39 **** Incremental Build of configuration Debug for project TP_[3] ****
Info: Internal Builder is used for build
gcc -O0 -g3 -Wall -c -fmessage-length=0 -o GetData.o "..\\GetData.c" 
..\GetData.c: In function 'isInt':
..\GetData.c:80:6: warning: unused variable 'len' [-Wunused-variable]
   80 |  int len = strlen(pValueToCheck); //pValueToCheck[i] != '\0'
      |      ^~~
gcc -O0 -g3 -Wall -c -fmessage-length=0 -o main.o "..\\main.c" 
gcc "-LC:\\Users\\super\\repos\\tp_laboratorio_1\\TP_[3]" -o TP_[3].exe Controller.o GetData.o GetPassengerData.o MenusReportsOthers.o Passenger.o main.o parser.o -lLinkedList 
01:27:57 **** Incremental Build of configuration Debug for project TP_[3] ****
Info: Internal Builder is used for build
gcc -O0 -g3 -Wall -c -fmessage-length=0 -o GetData.o "..\\GetData.c" 
gcc "-LC:\\Users\\super\\repos\\tp_laboratorio_1\\TP_[3]" -o TP_[3].exe Controller.o GetData.o GetPassengerData.o MenusReportsOthers.o Passenger.o main.o parser.o -lLinkedList 
Info: Nothing to build for TP_[3]
01:29:47 **** Incremental Build of configuration Debug for project TP_[3] ****
Info: Internal Builder is used for build
gcc -O0 -g3 -Wall -c -fmessage-length=0 -o GetData.o "..\\GetData.c" 
gcc "-LC:\\Users\\super\\repos\\tp_laboratorio_1\\TP_[3]" -o TP_[3].exe Controller.o GetData.o GetPassengerData.o MenusReportsOthers.o Passenger.o main.o parser.o -lLinkedList 
Info: Nothing to build for TP_[3]
01:31:21 **** Incremental Build of configuration Debug for project TP_[3] ****
Info: Internal Builder is used for build
gcc -O0 -g3 -Wall -c -fmessage-length=0 -o GetData.o "..\\GetData.c" 
gcc "-LC:\\Users\\super\\repos\\tp_laboratorio_1\\TP_[3]" -o TP_[3].exe Controller.o GetData.o GetPassengerData.o MenusReportsOthers.o Passenger.o main.o parser.o -lLinkedList 
Info: Nothing to build for TP_[3]
Info: Nothing to build for TP_[3]
Info: Nothing to build for TP_[3]
01:34:31 **** Incremental Build of configuration Debug for project TP_[3] ****
Info: Internal Builder is used for build
gcc -O0 -g3 -Wall -c -fmessage-length=0 -o GetData.o "..\\GetData.c" 
gcc "-LC:\\Users\\super\\repos\\tp_laboratorio_1\\TP_[3]" -o TP_[3].exe Controller.o GetData.o GetPassengerData.o MenusReportsOthers.o Passenger.o main.o parser.o -lLinkedList 
Info: Nothing to build for TP_[3]
01:38:35 **** Incremental Build of configuration Debug for project TP_[3] ****
Info: Internal Builder is used for build
gcc -O0 -g3 -Wall -c -fmessage-length=0 -o GetData.o "..\\GetData.c" 
gcc "-LC:\\Users\\super\\repos\\tp_laboratorio_1\\TP_[3]" -o TP_[3].exe Controller.o GetData.o GetPassengerData.o MenusReportsOthers.o Passenger.o main.o parser.o -lLinkedList 
Info: Nothing to build for TP_[3]
11:09:28 **** Incremental Build of configuration Debug for project TP_[3] ****
Info: Internal Builder is used for build
gcc -O0 -g3 -Wall -c -fmessage-length=0 -o Controller.o "..\\Controller.c" 
gcc "-LC:\\Users\\super\\repos\\tp_laboratorio_1\\TP_[3]" -o TP_[3].exe Controller.o GetData.o GetPassengerData.o MenusReportsOthers.o Passenger.o main.o parser.o -lLinkedList 
Info: Nothing to build for TP_[3]
11:16:51 **** Incremental Build of configuration Debug for project TP_[3] ****
Info: Internal Builder is used for build
gcc -O0 -g3 -Wall -c -fmessage-length=0 -o GetData.o "..\\GetData.c" 
..\GetData.c: In function 'getArrayOfLettersAndNumbers':
..\GetData.c:278:6: warning: variable 'validation' set but not used [-Wunused-but-set-variable]
  278 |  int validation;
      |      ^~~~~~~~~~
..\GetData.c: At top level:
..\GetData.c:290:2: error: expected identifier or '(' before 'return'
  290 |  return validation;
      |  ^~~~~~
..\GetData.c:291:1: error: expected identifier or '(' before '}' token
  291 | }
      | ^
..\GetData.c: In function 'getArrayOfLettersAndNumbers':
..\GetData.c:289:2: warning: control reaches end of non-void function [-Wreturn-type]
  289 |  }
      |  ^
11:18:28 **** Incremental Build of configuration Debug for project TP_[3] ****
Info: Internal Builder is used for build
gcc -O0 -g3 -Wall -c -fmessage-length=0 -o GetData.o "..\\GetData.c" 
..\GetData.c: In function 'getArrayOfLettersAndNumbers':
..\GetData.c:278:6: warning: variable 'validation' set but not used [-Wunused-but-set-variable]
  278 |  int validation;
      |      ^~~~~~~~~~
..\GetData.c: At top level:
..\GetData.c:290:2: error: expected identifier or '(' before 'return'
  290 |  return validation;
      |  ^~~~~~
..\GetData.c:291:1: error: expected identifier or '(' before '}' token
  291 | }
      | ^
..\GetData.c: In function 'getArrayOfLettersAndNumbers':
..\GetData.c:289:2: warning: control reaches end of non-void function [-Wreturn-type]
  289 |  }
      |  ^
11:19:07 **** Incremental Build of configuration Debug for project TP_[3] ****
Info: Internal Builder is used for build
gcc -O0 -g3 -Wall -c -fmessage-length=0 -o GetData.o "..\\GetData.c" 
gcc "-LC:\\Users\\super\\repos\\tp_laboratorio_1\\TP_[3]" -o TP_[3].exe Controller.o GetData.o GetPassengerData.o MenusReportsOthers.o Passenger.o main.o parser.o -lLinkedList 
Info: Nothing to build for TP_[3]
11:27:31 **** Incremental Build of configuration Debug for project TP_[3] ****
Info: Internal Builder is used for build
gcc -O0 -g3 -Wall -c -fmessage-length=0 -o main.o "..\\main.c" 
gcc -O0 -g3 -Wall -c -fmessage-length=0 -o MenusReportsOthers.o "..\\MenusReportsOthers.c" 
..\MenusReportsOthers.c: In function 'printSubMenuAddPax':
..\MenusReportsOthers.c:69:5: error: break statement not within loop or switch
   69 |     break;
      |     ^~~~~
..\MenusReportsOthers.c:70:4: error: case label not within a switch statement
   70 |    case EXECUTIVECLASS:
      |    ^~~~
..\MenusReportsOthers.c:72:5: error: break statement not within loop or switch
   72 |     break;
      |     ^~~~~
..\MenusReportsOthers.c:73:4: error: case label not within a switch statement
   73 |    case ECONOMYCLASS:
      |    ^~~~
..\MenusReportsOthers.c:75:5: error: break statement not within loop or switch
   75 |     break;
      |     ^~~~~
..\MenusReportsOthers.c: At top level:
..\MenusReportsOthers.c:79:9: error: expected declaration specifiers or '...' before string constant
   79 |  printf("4. Código del vuelo:  %s\n", flightCode);
      |         ^~~~~~~~~~~~~~~~~~~~~~~~~~~~
..\MenusReportsOthers.c:79:39: error: unknown type name 'flightCode'
   79 |  printf("4. Código del vuelo:  %s\n", flightCode);
      |                                       ^~~~~~~~~~
..\MenusReportsOthers.c:80:2: error: expected identifier or '(' before 'if'
   80 |  if (price < 1) {
      |  ^~
..\MenusReportsOthers.c:82:4: error: expected identifier or '(' before 'else'
   82 |  } else {
      |    ^~~~
..\MenusReportsOthers.c:85:9: error: expected declaration specifiers or '...' before string constant
   85 |  printf("6. Guardar datos Pasajero\n");
      |         ^~~~~~~~~~~~~~~~~~~~~~~~~~~~~
..\MenusReportsOthers.c:86:9: error: expected declaration specifiers or '...' before string constant
   86 |  printf("7. Volver atrás\n");
      |         ^~~~~~~~~~~~~~~~~~~
..\MenusReportsOthers.c:87:1: error: expected identifier or '(' before '}' token
   87 | }
      | ^
..\MenusReportsOthers.c: In function 'printSubMenuAddPax':
..\MenusReportsOthers.c:71:5: warning: 'strncpy' output truncated before terminating nul copying 15 bytes from a string of the same length [-Wstringop-truncation]
   71 |     strncpy( paxType, "Executive Class", 15);
      |     ^~~~~~~~~~~~~~~~~~~~~~~~~~~~~~~~~~~~~~~~
11:28:11 **** Incremental Build of configuration Debug for project TP_[3] ****
Info: Internal Builder is used for build
gcc -O0 -g3 -Wall -c -fmessage-length=0 -o MenusReportsOthers.o "..\\MenusReportsOthers.c" 
..\MenusReportsOthers.c: In function 'printSubMenuAddPax':
..\MenusReportsOthers.c:69:5: error: break statement not within loop or switch
   69 |     break;
      |     ^~~~~
..\MenusReportsOthers.c:70:4: error: case label not within a switch statement
   70 |    case EXECUTIVECLASS:
      |    ^~~~
..\MenusReportsOthers.c:72:5: error: break statement not within loop or switch
   72 |     break;
      |     ^~~~~
..\MenusReportsOthers.c:73:4: error: case label not within a switch statement
   73 |    case ECONOMYCLASS:
      |    ^~~~
..\MenusReportsOthers.c:75:5: error: break statement not within loop or switch
   75 |     break;
      |     ^~~~~
..\MenusReportsOthers.c: At top level:
..\MenusReportsOthers.c:79:9: error: expected declaration specifiers or '...' before string constant
   79 |  printf("4. Código del vuelo:  %s\n", flightCode);
      |         ^~~~~~~~~~~~~~~~~~~~~~~~~~~~
..\MenusReportsOthers.c:79:39: error: unknown type name 'flightCode'
   79 |  printf("4. Código del vuelo:  %s\n", flightCode);
      |                                       ^~~~~~~~~~
..\MenusReportsOthers.c:80:2: error: expected identifier or '(' before 'if'
   80 |  if (price < 1) {
      |  ^~
..\MenusReportsOthers.c:82:4: error: expected identifier or '(' before 'else'
   82 |  } else {
      |    ^~~~
..\MenusReportsOthers.c:85:9: error: expected declaration specifiers or '...' before string constant
   85 |  printf("6. Guardar datos Pasajero\n");
      |         ^~~~~~~~~~~~~~~~~~~~~~~~~~~~~
..\MenusReportsOthers.c:86:9: error: expected declaration specifiers or '...' before string constant
   86 |  printf("7. Volver atrás\n");
      |         ^~~~~~~~~~~~~~~~~~~
..\MenusReportsOthers.c:87:1: error: expected identifier or '(' before '}' token
   87 | }
      | ^
..\MenusReportsOthers.c: In function 'printSubMenuAddPax':
..\MenusReportsOthers.c:71:5: warning: 'strncpy' output truncated before terminating nul copying 15 bytes from a string of the same length [-Wstringop-truncation]
   71 |     strncpy( paxType, "Executive Class", 15);
      |     ^~~~~~~~~~~~~~~~~~~~~~~~~~~~~~~~~~~~~~~~
11:28:55 **** Incremental Build of configuration Debug for project TP_[3] ****
Info: Internal Builder is used for build
gcc -O0 -g3 -Wall -c -fmessage-length=0 -o MenusReportsOthers.o "..\\MenusReportsOthers.c" 
..\MenusReportsOthers.c: In function 'printSubMenuAddPax':
..\MenusReportsOthers.c:71:5: warning: 'strncpy' output truncated before terminating nul copying 15 bytes from a string of the same length [-Wstringop-truncation]
   71 |     strncpy( paxType, "Executive Class", 15);
      |     ^~~~~~~~~~~~~~~~~~~~~~~~~~~~~~~~~~~~~~~~
gcc "-LC:\\Users\\super\\repos\\tp_laboratorio_1\\TP_[3]" -o TP_[3].exe Controller.o GetData.o GetPassengerData.o MenusReportsOthers.o Passenger.o main.o parser.o -lLinkedList 
11:30:19 **** Incremental Build of configuration Debug for project TP_[3] ****
Info: Internal Builder is used for build
gcc -O0 -g3 -Wall -c -fmessage-length=0 -o MenusReportsOthers.o "..\\MenusReportsOthers.c" 
gcc "-LC:\\Users\\super\\repos\\tp_laboratorio_1\\TP_[3]" -o TP_[3].exe Controller.o GetData.o GetPassengerData.o MenusReportsOthers.o Passenger.o main.o parser.o -lLinkedList 
Info: Nothing to build for TP_[3]
13:23:44 **** Incremental Build of configuration Debug for project TP_[3] ****
Info: Internal Builder is used for build
gcc -O0 -g3 -Wall -c -fmessage-length=0 -o main.o "..\\main.c" 
..\main.c: In function 'main':
..\main.c:32:10: warning: implicit declaration of function 'getNewId' [-Wimplicit-function-declaration]
   32 |  newId = getNewId();
      |          ^~~~~~~~
..\main.c:82:6: error: 'exitValueGetOption' undeclared (first use in this function)
   82 |  if (exitValueGetOption < 0) {
      |      ^~~~~~~~~~~~~~~~~~
..\main.c:82:6: note: each undeclared identifier is reported only once for each function it appears in
..\main.c:31:6: warning: variable 'newId' set but not used [-Wunused-but-set-variable]
   31 |  int newId;
      |      ^~~~~
13:24:03 **** Incremental Build of configuration Debug for project TP_[3] ****
Info: Internal Builder is used for build
gcc -O0 -g3 -Wall -c -fmessage-length=0 -o Passenger.o "..\\Passenger.c" 
gcc -O0 -g3 -Wall -c -fmessage-length=0 -o parser.o "..\\parser.c" 
gcc -O0 -g3 -Wall -c -fmessage-length=0 -o Controller.o "..\\Controller.c" 
gcc -O0 -g3 -Wall -c -fmessage-length=0 -o main.o "..\\main.c" 
..\main.c: In function 'main':
..\main.c:82:6: error: 'exitValueGetOption' undeclared (first use in this function)
   82 |  if (exitValueGetOption < 0) {
      |      ^~~~~~~~~~~~~~~~~~
..\main.c:82:6: note: each undeclared identifier is reported only once for each function it appears in
..\main.c:31:6: warning: variable 'newId' set but not used [-Wunused-but-set-variable]
   31 |  int newId;
      |      ^~~~~
13:24:15 **** Incremental Build of configuration Debug for project TP_[3] ****
Info: Internal Builder is used for build
gcc -O0 -g3 -Wall -c -fmessage-length=0 -o main.o "..\\main.c" 
..\main.c: In function 'main':
..\main.c:31:6: warning: variable 'newId' set but not used [-Wunused-but-set-variable]
   31 |  int newId;
      |      ^~~~~
gcc "-LC:\\Users\\super\\repos\\tp_laboratorio_1\\TP_[3]" -o TP_[3].exe Controller.o GetData.o GetPassengerData.o MenusReportsOthers.o Passenger.o main.o parser.o -lLinkedList 
13:24:51 **** Incremental Build of configuration Debug for project TP_[3] ****
Info: Internal Builder is used for build
gcc -O0 -g3 -Wall -c -fmessage-length=0 -o main.o "..\\main.c" 
gcc "-LC:\\Users\\super\\repos\\tp_laboratorio_1\\TP_[3]" -o TP_[3].exe Controller.o GetData.o GetPassengerData.o MenusReportsOthers.o Passenger.o main.o parser.o -lLinkedList 
Info: Nothing to build for TP_[3]
13:48:23 **** Incremental Build of configuration Debug for project TP_[3] ****
Info: Internal Builder is used for build
gcc -O0 -g3 -Wall -c -fmessage-length=0 -o Passenger.o "..\\Passenger.c" 
gcc -O0 -g3 -Wall -c -fmessage-length=0 -o main.o "..\\main.c" 
gcc "-LC:\\Users\\super\\repos\\tp_laboratorio_1\\TP_[3]" -o TP_[3].exe Controller.o GetData.o GetPassengerData.o MenusReportsOthers.o Passenger.o main.o parser.o -lLinkedList 
Info: Nothing to build for TP_[3]
13:49:33 **** Incremental Build of configuration Debug for project TP_[3] ****
Info: Internal Builder is used for build
gcc -O0 -g3 -Wall -c -fmessage-length=0 -o Passenger.o "..\\Passenger.c" 
gcc "-LC:\\Users\\super\\repos\\tp_laboratorio_1\\TP_[3]" -o TP_[3].exe Controller.o GetData.o GetPassengerData.o MenusReportsOthers.o Passenger.o main.o parser.o -lLinkedList 
Info: Nothing to build for TP_[3]
14:22:54 **** Incremental Build of configuration Debug for project TP_[3] ****
Info: Internal Builder is used for build
gcc -O0 -g3 -Wall -c -fmessage-length=0 -o main.o "..\\main.c" 
gcc -O0 -g3 -Wall -c -fmessage-length=0 -o Controller.o "..\\Controller.c" 
..\Controller.c: In function 'showPax':
..\Controller.c:38:32: error: 'pName' undeclared (first use in this function)
   38 | void showPax(Passenger * pax) {pName, pLastName, auxPrice, auxTipoPax, pFlightCode
      |                                ^~~~~
..\Controller.c:38:32: note: each undeclared identifier is reported only once for each function it appears in
..\Controller.c:38:39: error: 'pLastName' undeclared (first use in this function)
   38 | void showPax(Passenger * pax) {pName, pLastName, auxPrice, auxTipoPax, pFlightCode
      |                                       ^~~~~~~~~
..\Controller.c:38:37: warning: left-hand operand of comma expression has no effect [-Wunused-value]
   38 | void showPax(Passenger * pax) {pName, pLastName, auxPrice, auxTipoPax, pFlightCode
      |                                     ^
..\Controller.c:38:50: error: 'auxPrice' undeclared (first use in this function)
   38 | void showPax(Passenger * pax) {pName, pLastName, auxPrice, auxTipoPax, pFlightCode
      |                                                  ^~~~~~~~
..\Controller.c:38:48: warning: left-hand operand of comma expression has no effect [-Wunused-value]
   38 | void showPax(Passenger * pax) {pName, pLastName, auxPrice, auxTipoPax, pFlightCode
      |                                                ^
..\Controller.c:38:60: error: 'auxTipoPax' undeclared (first use in this function)
   38 | void showPax(Passenger * pax) {pName, pLastName, auxPrice, auxTipoPax, pFlightCode
      |                                                            ^~~~~~~~~~
..\Controller.c:38:58: warning: left-hand operand of comma expression has no effect [-Wunused-value]
   38 | void showPax(Passenger * pax) {pName, pLastName, auxPrice, auxTipoPax, pFlightCode
      |                                                          ^
..\Controller.c:38:72: error: 'pFlightCode' undeclared (first use in this function)
   38 | void showPax(Passenger * pax) {pName, pLastName, auxPrice, auxTipoPax, pFlightCode
      |                                                                        ^~~~~~~~~~~
..\Controller.c:38:70: warning: left-hand operand of comma expression has no effect [-Wunused-value]
   38 | void showPax(Passenger * pax) {pName, pLastName, auxPrice, auxTipoPax, pFlightCode
      |                                                                      ^
..\Controller.c:38:83: error: expected ';' before 'if'
   38 | void showPax(Passenger * pax) {pName, pLastName, auxPrice, auxTipoPax, pFlightCode
      |                                                                                   ^
      |                                                                                   ;
   39 |  if (pax != NULL){
      |  ~~                                                                                
..\Controller.c: In function 'controller_addPassenger':
..\Controller.c:113:5: error: a label can only be part of a statement and a declaration is not a statement
  113 |     Passenger * auxPax;
      |     ^~~~~~~~~
14:23:19 **** Incremental Build of configuration Debug for project TP_[3] ****
Info: Internal Builder is used for build
gcc -O0 -g3 -Wall -c -fmessage-length=0 -o Controller.o "..\\Controller.c" 
..\Controller.c: In function 'showPax':
..\Controller.c:48:5: warning: implicit declaration of function 'strncpy' [-Wimplicit-function-declaration]
   48 |     strncpy( paxType, "First Class", 15);
      |     ^~~~~~~
..\Controller.c:48:5: warning: incompatible implicit declaration of built-in function 'strncpy'
..\Controller.c:8:1: note: include '<string.h>' or provide a declaration of 'strncpy'
    7 | #include "GetData.h"
  +++ |+#include <string.h>
    8 | 
..\Controller.c: In function 'controller_addPassenger':
..\Controller.c:113:5: error: a label can only be part of a statement and a declaration is not a statement
  113 |     Passenger * auxPax;
      |     ^~~~~~~~~
14:23:49 **** Incremental Build of configuration Debug for project TP_[3] ****
Info: Internal Builder is used for build
gcc -O0 -g3 -Wall -c -fmessage-length=0 -o Passenger.o "..\\Passenger.c" 
gcc -O0 -g3 -Wall -c -fmessage-length=0 -o Controller.o "..\\Controller.c" 
..\Controller.c: In function 'showPax':
..\Controller.c:48:5: warning: implicit declaration of function 'strncpy' [-Wimplicit-function-declaration]
   48 |     strncpy( paxType, "First Class", 15);
      |     ^~~~~~~
..\Controller.c:48:5: warning: incompatible implicit declaration of built-in function 'strncpy'
..\Controller.c:8:1: note: include '<string.h>' or provide a declaration of 'strncpy'
    7 | #include "GetData.h"
  +++ |+#include <string.h>
    8 | 
gcc "-LC:\\Users\\super\\repos\\tp_laboratorio_1\\TP_[3]" -o TP_[3].exe Controller.o GetData.o GetPassengerData.o MenusReportsOthers.o Passenger.o main.o parser.o -lLinkedList 
14:24:25 **** Incremental Build of configuration Debug for project TP_[3] ****
Info: Internal Builder is used for build
gcc -O0 -g3 -Wall -c -fmessage-length=0 -o Controller.o "..\\Controller.c" 
gcc "-LC:\\Users\\super\\repos\\tp_laboratorio_1\\TP_[3]" -o TP_[3].exe Controller.o GetData.o GetPassengerData.o MenusReportsOthers.o Passenger.o main.o parser.o -lLinkedList 
Info: Nothing to build for TP_[3]
14:28:46 **** Incremental Build of configuration Debug for project TP_[3] ****
Info: Internal Builder is used for build
gcc -O0 -g3 -Wall -c -fmessage-length=0 -o Passenger.o "..\\Passenger.c" 
gcc "-LC:\\Users\\super\\repos\\tp_laboratorio_1\\TP_[3]" -o TP_[3].exe Controller.o GetData.o GetPassengerData.o MenusReportsOthers.o Passenger.o main.o parser.o -lLinkedList 
Info: Nothing to build for TP_[3]
14:32:18 **** Incremental Build of configuration Debug for project TP_[3] ****
Info: Internal Builder is used for build
gcc -O0 -g3 -Wall -c -fmessage-length=0 -o GetPassengerData.o "..\\GetPassengerData.c" 
gcc "-LC:\\Users\\super\\repos\\tp_laboratorio_1\\TP_[3]" -o TP_[3].exe Controller.o GetData.o GetPassengerData.o MenusReportsOthers.o Passenger.o main.o parser.o -lLinkedList 
Info: Nothing to build for TP_[3]
14:39:25 **** Incremental Build of configuration Debug for project TP_[3] ****
Info: Internal Builder is used for build
gcc -O0 -g3 -Wall -c -fmessage-length=0 -o GetPassengerData.o "..\\GetPassengerData.c" 
gcc -O0 -g3 -Wall -c -fmessage-length=0 -o Controller.o "..\\Controller.c" 
gcc "-LC:\\Users\\super\\repos\\tp_laboratorio_1\\TP_[3]" -o TP_[3].exe Controller.o GetData.o GetPassengerData.o MenusReportsOthers.o Passenger.o main.o parser.o -lLinkedList 
Info: Nothing to build for TP_[3]
14:43:28 **** Incremental Build of configuration Debug for project TP_[3] ****
Info: Internal Builder is used for build
gcc -O0 -g3 -Wall -c -fmessage-length=0 -o Controller.o "..\\Controller.c" 
gcc "-LC:\\Users\\super\\repos\\tp_laboratorio_1\\TP_[3]" -o TP_[3].exe Controller.o GetData.o GetPassengerData.o MenusReportsOthers.o Passenger.o main.o parser.o -lLinkedList 
Info: Nothing to build for TP_[3]
14:46:53 **** Incremental Build of configuration Debug for project TP_[3] ****
Info: Internal Builder is used for build
gcc -O0 -g3 -Wall -c -fmessage-length=0 -o Controller.o "..\\Controller.c" 
..\Controller.c: In function 'controller_addPassenger':
..\Controller.c:107:9: error: too many arguments to function 'getPassengersFlightCode'
  107 |     if (getPassengersFlightCode(pFlightCode, 9, 3, &auxTipoPax)) {
      |         ^~~~~~~~~~~~~~~~~~~~~~~
In file included from ..\Controller.c:7:
..\GetPassengerData.h:16:5: note: declared here
   16 | int getPassengersFlightCode(char pFlightCode[], int len_char, int tries);
      |     ^~~~~~~~~~~~~~~~~~~~~~~
14:47:38 **** Incremental Build of configuration Debug for project TP_[3] ****
Info: Internal Builder is used for build
gcc -O0 -g3 -Wall -c -fmessage-length=0 -o Controller.o "..\\Controller.c" 
gcc -O0 -g3 -Wall -c -fmessage-length=0 -o GetPassengerData.o "..\\GetPassengerData.c" 
gcc "-LC:\\Users\\super\\repos\\tp_laboratorio_1\\TP_[3]" -o TP_[3].exe Controller.o GetData.o GetPassengerData.o MenusReportsOthers.o Passenger.o main.o parser.o -lLinkedList 
Info: Nothing to build for TP_[3]
14:52:37 **** Incremental Build of configuration Debug for project TP_[3] ****
Info: Internal Builder is used for build
gcc -O0 -g3 -Wall -c -fmessage-length=0 -o Controller.o "..\\Controller.c" 
gcc -O0 -g3 -Wall -c -fmessage-length=0 -o GetPassengerData.o "..\\GetPassengerData.c" 
..\GetPassengerData.c: In function 'getPassengersFlightCode':
..\GetPassengerData.c:94:120: warning: passing argument 6 of 'askArrayOfLettersAndNumbersValue' from incompatible pointer type [-Wincompatible-pointer-types]
   94 |     "\nEl código ingresado no es correcto.\nPor favor, ingrese sólo letras o numeros. Ejemplo: 'MDQ082903'.\n", tries, &tipoPax);
      |                                                                                                                        ^~~~~~~~
      |                                                                                                                        |
      |                                                                                                                        int **
In file included from ..\GetPassengerData.c:12:
..\GetData.h:21:116: note: expected 'int *' but argument is of type 'int **'
   21 | int askArrayOfLettersAndNumbersValue(char * pArray, int len, char * message, char * errorMessage, int tries, int * tipoPax);
      |                                                                                                              ~~~~~~^~~~~~~
gcc -O0 -g3 -Wall -c -fmessage-length=0 -o GetData.o "..\\GetData.c" 
gcc -O0 -g3 -Wall -c -fmessage-length=0 -o MenusReportsOthers.o "..\\MenusReportsOthers.c" 
gcc -O0 -g3 -Wall -c -fmessage-length=0 -o main.o "..\\main.c" 
gcc "-LC:\\Users\\super\\repos\\tp_laboratorio_1\\TP_[3]" -o TP_[3].exe Controller.o GetData.o GetPassengerData.o MenusReportsOthers.o Passenger.o main.o parser.o -lLinkedList 
14:54:47 **** Incremental Build of configuration Debug for project TP_[3] ****
Info: Internal Builder is used for build
gcc -O0 -g3 -Wall -c -fmessage-length=0 -o GetPassengerData.o "..\\GetPassengerData.c" 
..\GetPassengerData.c: In function 'getPassengersFlightCode':
..\GetPassengerData.c:94:120: error: invalid type argument of unary '*' (have 'int')
   94 |     "\nEl código ingresado no es correcto.\nPor favor, ingrese sólo letras o numeros. Ejemplo: 'MDQ082903'.\n", tries, **tipoPax);
      |                                                                                                                        ^~~~~~~~~
14:55:05 **** Incremental Build of configuration Debug for project TP_[3] ****
Info: Internal Builder is used for build
gcc -O0 -g3 -Wall -c -fmessage-length=0 -o Controller.o "..\\Controller.c" 
..\Controller.c: In function 'controller_addPassenger':
..\Controller.c:107:52: warning: passing argument 4 of 'getPassengersFlightCode' from incompatible pointer type [-Wincompatible-pointer-types]
  107 |     if (getPassengersFlightCode(pFlightCode, 9, 3, &auxTipoPax)) {
      |                                                    ^~~~~~~~~~~
      |                                                    |
      |                                                    int *
In file included from ..\Controller.c:7:
..\GetPassengerData.h:17:81: note: expected 'int **' but argument is of type 'int *'
   17 | int getPassengersFlightCode(char pFlightCode[], int len_char, int tries, int ** tipoPax);
      |                                                                          ~~~~~~~^~~~~~~
gcc -O0 -g3 -Wall -c -fmessage-length=0 -o GetPassengerData.o "..\\GetPassengerData.c" 
..\GetPassengerData.c: In function 'getPassengersFlightCode':
..\GetPassengerData.c:94:120: error: invalid type argument of unary '*' (have 'int')
   94 |     "\nEl código ingresado no es correcto.\nPor favor, ingrese sólo letras o numeros. Ejemplo: 'MDQ082903'.\n", tries, **tipoPax);
      |                                                                                                                        ^~~~~~~~~
14:56:26 **** Incremental Build of configuration Debug for project TP_[3] ****
Info: Internal Builder is used for build
gcc -O0 -g3 -Wall -c -fmessage-length=0 -o Controller.o "..\\Controller.c" 
gcc -O0 -g3 -Wall -c -fmessage-length=0 -o GetPassengerData.o "..\\GetPassengerData.c" 
..\GetPassengerData.c: In function 'getPassengersFlightCode':
..\GetPassengerData.c:95:120: warning: passing argument 6 of 'askArrayOfLettersAndNumbersValue' makes pointer from integer without a cast [-Wint-conversion]
   95 |     "\nEl código ingresado no es correcto.\nPor favor, ingrese sólo letras o numeros. Ejemplo: 'MDQ082903'.\n", tries, *tipo2);
      |                                                                                                                        ^~~~~~
      |                                                                                                                        |
      |                                                                                                                        int
In file included from ..\GetPassengerData.c:12:
..\GetData.h:21:116: note: expected 'int *' but argument is of type 'int'
   21 | int askArrayOfLettersAndNumbersValue(char * pArray, int len, char * message, char * errorMessage, int tries, int * tipoPax);
      |                                                                                                              ~~~~~~^~~~~~~
gcc "-LC:\\Users\\super\\repos\\tp_laboratorio_1\\TP_[3]" -o TP_[3].exe Controller.o GetData.o GetPassengerData.o MenusReportsOthers.o Passenger.o main.o parser.o -lLinkedList 
14:56:57 **** Incremental Build of configuration Debug for project TP_[3] ****
Info: Internal Builder is used for build
gcc -O0 -g3 -Wall -c -fmessage-length=0 -o GetPassengerData.o "..\\GetPassengerData.c" 
..\GetPassengerData.c: In function 'getPassengersFlightCode':
..\GetPassengerData.c:89:16: warning: initialization of 'int *' from incompatible pointer type 'int **' [-Wincompatible-pointer-types]
   89 |  int * tipo2 = &tipoPax;
      |                ^
..\GetPassengerData.c:95:120: warning: passing argument 6 of 'askArrayOfLettersAndNumbersValue' makes pointer from integer without a cast [-Wint-conversion]
   95 |     "\nEl código ingresado no es correcto.\nPor favor, ingrese sólo letras o numeros. Ejemplo: 'MDQ082903'.\n", tries, *tipo2);
      |                                                                                                                        ^~~~~~
      |                                                                                                                        |
      |                                                                                                                        int
In file included from ..\GetPassengerData.c:12:
..\GetData.h:21:116: note: expected 'int *' but argument is of type 'int'
   21 | int askArrayOfLettersAndNumbersValue(char * pArray, int len, char * message, char * errorMessage, int tries, int * tipoPax);
      |                                                                                                              ~~~~~~^~~~~~~
gcc "-LC:\\Users\\super\\repos\\tp_laboratorio_1\\TP_[3]" -o TP_[3].exe Controller.o GetData.o GetPassengerData.o MenusReportsOthers.o Passenger.o main.o parser.o -lLinkedList 
14:57:37 **** Incremental Build of configuration Debug for project TP_[3] ****
Info: Internal Builder is used for build
gcc -O0 -g3 -Wall -c -fmessage-length=0 -o GetPassengerData.o "..\\GetPassengerData.c" 
..\GetPassengerData.c: In function 'getPassengersFlightCode':
..\GetPassengerData.c:95:120: warning: passing argument 6 of 'askArrayOfLettersAndNumbersValue' makes pointer from integer without a cast [-Wint-conversion]
   95 |     "\nEl código ingresado no es correcto.\nPor favor, ingrese sólo letras o numeros. Ejemplo: 'MDQ082903'.\n", tries, *tipo2);
      |                                                                                                                        ^~~~~~
      |                                                                                                                        |
      |                                                                                                                        int
In file included from ..\GetPassengerData.c:12:
..\GetData.h:21:116: note: expected 'int *' but argument is of type 'int'
   21 | int askArrayOfLettersAndNumbersValue(char * pArray, int len, char * message, char * errorMessage, int tries, int * tipoPax);
      |                                                                                                              ~~~~~~^~~~~~~
gcc "-LC:\\Users\\super\\repos\\tp_laboratorio_1\\TP_[3]" -o TP_[3].exe Controller.o GetData.o GetPassengerData.o MenusReportsOthers.o Passenger.o main.o parser.o -lLinkedList 
Info: Nothing to build for TP_[3]
15:00:26 **** Incremental Build of configuration Debug for project TP_[3] ****
Info: Internal Builder is used for build
gcc -O0 -g3 -Wall -c -fmessage-length=0 -o Controller.o "..\\Controller.c" 
gcc -O0 -g3 -Wall -c -fmessage-length=0 -o GetData.o "..\\GetData.c" 
..\GetData.c: In function 'askArrayOfLettersAndNumbersValue':
..\GetData.c:256:28: warning: format '%d' expects argument of type 'int', but argument 2 has type 'int *' [-Wformat=]
  256 |  printf("tipo pax en ask: %d\n", *tipoPax);
      |                           ~^     ~~~~~~~~
      |                            |     |
      |                            int   int *
      |                           %n
..\GetData.c:258:32: warning: format '%d' expects argument of type 'int', but argument 2 has type 'int *' [-Wformat=]
  258 |   printf("tipo pax en ask IF: %d\n", *tipoPax);
      |                               ~^     ~~~~~~~~
      |                                |     |
      |                                int   int *
      |                               %n
..\GetData.c:260:33: warning: format '%d' expects argument of type 'int', but argument 2 has type 'int *' [-Wformat=]
  260 |    printf("tipo pax en ask DO: %d\n", *tipoPax);
      |                                ~^     ~~~~~~~~
      |                                 |     |
      |                                 int   int *
      |                                %n
..\GetData.c:263:36: warning: format '%d' expects argument of type 'int', but argument 2 has type 'int *' [-Wformat=]
  263 |    printf("tipo pax en ask AFTER: %d\n", *tipoPax);
      |                                   ~^     ~~~~~~~~
      |                                    |     |
      |                                    int   int *
      |                                   %n
gcc -O0 -g3 -Wall -c -fmessage-length=0 -o main.o "..\\main.c" 
gcc -O0 -g3 -Wall -c -fmessage-length=0 -o GetPassengerData.o "..\\GetPassengerData.c" 
..\GetPassengerData.c: In function 'getPassengersFlightCode':
..\GetPassengerData.c:95:120: error: invalid type argument of unary '*' (have 'int')
   95 |     "\nEl código ingresado no es correcto.\nPor favor, ingrese sólo letras o numeros. Ejemplo: 'MDQ082903'.\n", tries, **tipo2);
      |                                                                                                                        ^~~~~~~
15:02:01 **** Incremental Build of configuration Debug for project TP_[3] ****
Info: Internal Builder is used for build
gcc -O0 -g3 -Wall -c -fmessage-length=0 -o GetPassengerData.o "..\\GetPassengerData.c" 
..\GetPassengerData.c: In function 'getPassengersFlightCode':
..\GetPassengerData.c:95:120: error: invalid type argument of unary '*' (have 'int')
   95 |     "\nEl código ingresado no es correcto.\nPor favor, ingrese sólo letras o numeros. Ejemplo: 'MDQ082903'.\n", tries, *(*tipo2));
      |                                                                                                                        ^~~~~~~~~
15:02:42 **** Incremental Build of configuration Debug for project TP_[3] ****
Info: Internal Builder is used for build
gcc -O0 -g3 -Wall -c -fmessage-length=0 -o GetPassengerData.o "..\\GetPassengerData.c" 
..\GetPassengerData.c: In function 'getPassengersFlightCode':
..\GetPassengerData.c:94:120: error: invalid type argument of unary '*' (have 'int')
   94 |     "\nEl código ingresado no es correcto.\nPor favor, ingrese sólo letras o numeros. Ejemplo: 'MDQ082903'.\n", tries, **tipoPax));
      |                                                                                                                        ^~~~~~~~~
..\GetPassengerData.c:94:130: error: expected ';' before ')' token
   94 |     "\nEl código ingresado no es correcto.\nPor favor, ingrese sólo letras o numeros. Ejemplo: 'MDQ082903'.\n", tries, **tipoPax));
      |                                                                                                                                  ^
      |                                                                                                                                  ;
..\GetPassengerData.c:94:130: error: expected statement before ')' token
15:03:04 **** Incremental Build of configuration Debug for project TP_[3] ****
Info: Internal Builder is used for build
gcc -O0 -g3 -Wall -c -fmessage-length=0 -o MenusReportsOthers.o "..\\MenusReportsOthers.c" 
gcc -O0 -g3 -Wall -c -fmessage-length=0 -o GetPassengerData.o "..\\GetPassengerData.c" 
..\GetPassengerData.c: In function 'getPassengersFlightCode':
..\GetPassengerData.c:94:120: error: invalid type argument of unary '*' (have 'int')
   94 |     "\nEl código ingresado no es correcto.\nPor favor, ingrese sólo letras o numeros. Ejemplo: 'MDQ082903'.\n", tries, *(*tipoPax));
      |                                                                                                                        ^~~~~~~~~~~
15:10:03 **** Incremental Build of configuration Debug for project TP_[3] ****
Info: Internal Builder is used for build
gcc -O0 -g3 -Wall -c -fmessage-length=0 -o GetData.o "..\\GetData.c" 
..\GetData.c: In function 'askArrayOfLettersAndNumbersValue':
..\GetData.c:256:28: warning: format '%d' expects argument of type 'int', but argument 2 has type 'int *' [-Wformat=]
  256 |  printf("tipo pax en ask: %d\n", *tipoPax);
      |                           ~^     ~~~~~~~~
      |                            |     |
      |                            int   int *
      |                           %n
gcc -O0 -g3 -Wall -c -fmessage-length=0 -o GetPassengerData.o "..\\GetPassengerData.c" 
..\GetPassengerData.c: In function 'getPassengersFlightCode':
..\GetPassengerData.c:95:120: warning: passing argument 6 of 'askArrayOfLettersAndNumbersValue' from incompatible pointer type [-Wincompatible-pointer-types]
   95 |     "\nEl código ingresado no es correcto.\nPor favor, ingrese sólo letras o numeros. Ejemplo: 'MDQ082903'.\n", tries, &pax2);
      |                                                                                                                        ^~~~~
      |                                                                                                                        |
      |                                                                                                                        int ***
In file included from ..\GetPassengerData.c:12:
..\GetData.h:21:117: note: expected 'int **' but argument is of type 'int ***'
   21 | int askArrayOfLettersAndNumbersValue(char * pArray, int len, char * message, char * errorMessage, int tries, int ** tipoPax);
      |                                                                                                              ~~~~~~~^~~~~~~
gcc "-LC:\\Users\\super\\repos\\tp_laboratorio_1\\TP_[3]" -o TP_[3].exe Controller.o GetData.o GetPassengerData.o MenusReportsOthers.o Passenger.o main.o parser.o -lLinkedList 
15:10:35 **** Incremental Build of configuration Debug for project TP_[3] ****
Info: Internal Builder is used for build
gcc -O0 -g3 -Wall -c -fmessage-length=0 -o GetData.o "..\\GetData.c" 
gcc "-LC:\\Users\\super\\repos\\tp_laboratorio_1\\TP_[3]" -o TP_[3].exe Controller.o GetData.o GetPassengerData.o MenusReportsOthers.o Passenger.o main.o parser.o -lLinkedList 
Info: Nothing to build for TP_[3]
15:12:19 **** Incremental Build of configuration Debug for project TP_[3] ****
Info: Internal Builder is used for build
gcc -O0 -g3 -Wall -c -fmessage-length=0 -o GetData.o "..\\GetData.c" 
..\GetData.c: In function 'askArrayOfLettersAndNumbersValue':
..\GetData.c:256:34: error: invalid type argument of unary '*' (have 'int')
  256 |  printf("tipo pax en ask: %d\n", *(*(*tipoPax)));
      |                                  ^~~~~~~~~~~~~~
..\GetData.c:258:38: error: invalid type argument of unary '*' (have 'int')
  258 |   printf("tipo pax en ask IF: %d\n", *(*(*tipoPax)));
      |                                      ^~~~~~~~~~~~~~
..\GetData.c:260:39: error: invalid type argument of unary '*' (have 'int')
  260 |    printf("tipo pax en ask DO: %d\n", *(*(*tipoPax)));
      |                                       ^~~~~~~~~~~~~~
..\GetData.c:263:42: error: invalid type argument of unary '*' (have 'int')
  263 |    printf("tipo pax en ask AFTER: %d\n", *(*(*tipoPax)));
      |                                          ^~~~~~~~~~~~~~
15:13:36 **** Incremental Build of configuration Debug for project TP_[3] ****
Info: Internal Builder is used for build
gcc -O0 -g3 -Wall -c -fmessage-length=0 -o GetData.o "..\\GetData.c" 
..\GetData.c: In function 'askArrayOfLettersAndNumbersValue':
..\GetData.c:256:28: warning: format '%d' expects argument of type 'int', but argument 2 has type 'int **' [-Wformat=]
  256 |  printf("tipo pax en ask: %d\n", tipoPax);
      |                           ~^     ~~~~~~~
      |                            |     |
      |                            int   int **
..\GetData.c:258:32: warning: format '%d' expects argument of type 'int', but argument 2 has type 'int **' [-Wformat=]
  258 |   printf("tipo pax en ask IF: %d\n", tipoPax);
      |                               ~^     ~~~~~~~
      |                                |     |
      |                                int   int **
..\GetData.c:260:33: warning: format '%d' expects argument of type 'int', but argument 2 has type 'int **' [-Wformat=]
  260 |    printf("tipo pax en ask DO: %d\n", tipoPax);
      |                                ~^     ~~~~~~~
      |                                 |     |
      |                                 int   int **
..\GetData.c:263:36: warning: format '%d' expects argument of type 'int', but argument 2 has type 'int **' [-Wformat=]
  263 |    printf("tipo pax en ask AFTER: %d\n", tipoPax);
      |                                   ~^     ~~~~~~~
      |                                    |     |
      |                                    int   int **
gcc "-LC:\\Users\\super\\repos\\tp_laboratorio_1\\TP_[3]" -o TP_[3].exe Controller.o GetData.o GetPassengerData.o MenusReportsOthers.o Passenger.o main.o parser.o -lLinkedList 
15:14:08 **** Incremental Build of configuration Debug for project TP_[3] ****
Info: Internal Builder is used for build
gcc -O0 -g3 -Wall -c -fmessage-length=0 -o GetData.o "..\\GetData.c" 
..\GetData.c: In function 'askArrayOfLettersAndNumbersValue':
..\GetData.c:256:34: error: invalid type argument of unary '*' (have 'int')
  256 |  printf("tipo pax en ask: %d\n", *(**tipoPax));
      |                                  ^~~~~~~~~~~~
..\GetData.c:258:38: error: invalid type argument of unary '*' (have 'int')
  258 |   printf("tipo pax en ask IF: %d\n", *(**tipoPax));
      |                                      ^~~~~~~~~~~~
..\GetData.c:260:39: error: invalid type argument of unary '*' (have 'int')
  260 |    printf("tipo pax en ask DO: %d\n", *(**tipoPax));
      |                                       ^~~~~~~~~~~~
..\GetData.c:263:42: error: invalid type argument of unary '*' (have 'int')
  263 |    printf("tipo pax en ask AFTER: %d\n", *(**tipoPax));
      |                                          ^~~~~~~~~~~~
15:16:42 **** Incremental Build of configuration Debug for project TP_[3] ****
Info: Internal Builder is used for build
gcc -O0 -g3 -Wall -c -fmessage-length=0 -o GetData.o "..\\GetData.c" 
gcc "-LC:\\Users\\super\\repos\\tp_laboratorio_1\\TP_[3]" -o TP_[3].exe Controller.o GetData.o GetPassengerData.o MenusReportsOthers.o Passenger.o main.o parser.o -lLinkedList 
15:17:48 **** Incremental Build of configuration Debug for project TP_[3] ****
Info: Internal Builder is used for build
gcc -O0 -g3 -Wall -c -fmessage-length=0 -o GetData.o "..\\GetData.c" 
..\GetData.c: In function 'askArrayOfLettersAndNumbersValue':
..\GetData.c:256:17: warning: initialization of 'int *' from 'int' makes pointer from integer without a cast [-Wint-conversion]
  256 |  int * prueba = *(*tipoPax);
      |                 ^
gcc "-LC:\\Users\\super\\repos\\tp_laboratorio_1\\TP_[3]" -o TP_[3].exe Controller.o GetData.o GetPassengerData.o MenusReportsOthers.o Passenger.o main.o parser.o -lLinkedList 
15:18:24 **** Incremental Build of configuration Debug for project TP_[3] ****
Info: Internal Builder is used for build
gcc -O0 -g3 -Wall -c -fmessage-length=0 -o GetData.o "..\\GetData.c" 
..\GetData.c: In function 'askArrayOfLettersAndNumbersValue':
..\GetData.c:257:34: error: invalid type argument of unary '*' (have 'int')
  257 |  printf("tipo pax en ask: %d\n", *prueba);
      |                                  ^~~~~~~
..\GetData.c:259:38: error: invalid type argument of unary '*' (have 'int')
  259 |   printf("tipo pax en ask IF: %d\n", *prueba);
      |                                      ^~~~~~~
..\GetData.c:261:39: error: invalid type argument of unary '*' (have 'int')
  261 |    printf("tipo pax en ask DO: %d\n", *prueba);
      |                                       ^~~~~~~
..\GetData.c:264:42: error: invalid type argument of unary '*' (have 'int')
  264 |    printf("tipo pax en ask AFTER: %d\n", *prueba);
      |                                          ^~~~~~~
15:18:35 **** Incremental Build of configuration Debug for project TP_[3] ****
Info: Internal Builder is used for build
gcc -O0 -g3 -Wall -c -fmessage-length=0 -o GetData.o "..\\GetData.c" 
gcc "-LC:\\Users\\super\\repos\\tp_laboratorio_1\\TP_[3]" -o TP_[3].exe Controller.o GetData.o GetPassengerData.o MenusReportsOthers.o Passenger.o main.o parser.o -lLinkedList 
Info: Nothing to build for TP_[3]
15:20:59 **** Incremental Build of configuration Debug for project TP_[3] ****
Info: Internal Builder is used for build
gcc -O0 -g3 -Wall -c -fmessage-length=0 -o GetPassengerData.o "..\\GetPassengerData.c" 
..\GetPassengerData.c: In function 'getPassengersFlightCode':
..\GetPassengerData.c:96:120: warning: passing argument 6 of 'askArrayOfLettersAndNumbersValue' from incompatible pointer type [-Wincompatible-pointer-types]
   96 |     "\nEl código ingresado no es correcto.\nPor favor, ingrese sólo letras o numeros. Ejemplo: 'MDQ082903'.\n", tries, &pax2);
      |                                                                                                                        ^~~~~
      |                                                                                                                        |
      |                                                                                                                        int ***
In file included from ..\GetPassengerData.c:12:
..\GetData.h:21:117: note: expected 'int **' but argument is of type 'int ***'
   21 | int askArrayOfLettersAndNumbersValue(char * pArray, int len, char * message, char * errorMessage, int tries, int ** tipoPax);
      |                                                                                                              ~~~~~~~^~~~~~~
gcc "-LC:\\Users\\super\\repos\\tp_laboratorio_1\\TP_[3]" -o TP_[3].exe Controller.o GetData.o GetPassengerData.o MenusReportsOthers.o Passenger.o main.o parser.o -lLinkedList 
15:23:00 **** Rebuild of configuration Debug for project TP_[1] ****
Info: Internal Builder is used for build
gcc -O0 -g3 -Wall -c -fmessage-length=0 -o "src\\TP_[1].o" "..\\src\\TP_[1].c" 
gcc -O0 -g3 -Wall -c -fmessage-length=0 -o "src\\GetNumbers.o" "..\\src\\GetNumbers.c" 
gcc -O0 -g3 -Wall -c -fmessage-length=0 -o "src\\CustomFunctions.o" "..\\src\\CustomFunctions.c" 
gcc -O0 -g3 -Wall -c -fmessage-length=0 -o "src\\DoCalculations.o" "..\\src\\DoCalculations.c" 
gcc -o TP_[1].exe "src\\CustomFunctions.o" "src\\DoCalculations.o" "src\\GetNumbers.o" "src\\TP_[1].o" 
15:23:03 **** Rebuild of configuration Debug for project TP_[2] ****
Info: Internal Builder is used for build
gcc -O0 -g3 -Wall -c -fmessage-length=0 -o "src\\GetData.o" "..\\src\\GetData.c" 
gcc -O0 -g3 -Wall -c -fmessage-length=0 -o "src\\MenusReportsOthers.o" "..\\src\\MenusReportsOthers.c" 
gcc -O0 -g3 -Wall -c -fmessage-length=0 -o "src\\Passengers.o" "..\\src\\Passengers.c" 
gcc -O0 -g3 -Wall -c -fmessage-length=0 -o "src\\TP_[2].o" "..\\src\\TP_[2].c" 
gcc -O0 -g3 -Wall -c -fmessage-length=0 -o "src\\Flights.o" "..\\src\\Flights.c" 
gcc -o TP_[2].exe "src\\Flights.o" "src\\GetData.o" "src\\MenusReportsOthers.o" "src\\Passengers.o" "src\\TP_[2].o" 
Info: Nothing to build for TP_[3]
15:23:34 **** Incremental Build of configuration Debug for project TP_[3] ****
Info: Internal Builder is used for build
gcc -O0 -g3 -Wall -c -fmessage-length=0 -o GetPassengerData.o "..\\GetPassengerData.c" 
..\GetPassengerData.c: In function 'getPassengersFlightCode':
..\GetPassengerData.c:98:120: warning: passing argument 6 of 'askArrayOfLettersAndNumbersValue' from incompatible pointer type [-Wincompatible-pointer-types]
   98 |     "\nEl código ingresado no es correcto.\nPor favor, ingrese sólo letras o numeros. Ejemplo: 'MDQ082903'.\n", tries, &pax2);
      |                                                                                                                        ^~~~~
      |                                                                                                                        |
      |                                                                                                                        int ***
In file included from ..\GetPassengerData.c:12:
..\GetData.h:21:117: note: expected 'int **' but argument is of type 'int ***'
   21 | int askArrayOfLettersAndNumbersValue(char * pArray, int len, char * message, char * errorMessage, int tries, int ** tipoPax);
      |                                                                                                              ~~~~~~~^~~~~~~
gcc "-LC:\\Users\\super\\repos\\tp_laboratorio_1\\TP_[3]" -o TP_[3].exe Controller.o GetData.o GetPassengerData.o MenusReportsOthers.o Passenger.o main.o parser.o -lLinkedList 
15:28:54 **** Incremental Build of configuration Debug for project TP_[3] ****
Info: Internal Builder is used for build
gcc -O0 -g3 -Wall -c -fmessage-length=0 -o GetData.o "..\\GetData.c" 
gcc -O0 -g3 -Wall -c -fmessage-length=0 -o MenusReportsOthers.o "..\\MenusReportsOthers.c" 
gcc -O0 -g3 -Wall -c -fmessage-length=0 -o Controller.o "..\\Controller.c" 
gcc -O0 -g3 -Wall -c -fmessage-length=0 -o main.o "..\\main.c" 
gcc -O0 -g3 -Wall -c -fmessage-length=0 -o GetPassengerData.o "..\\GetPassengerData.c" 
gcc "-LC:\\Users\\super\\repos\\tp_laboratorio_1\\TP_[3]" -o TP_[3].exe Controller.o GetData.o GetPassengerData.o MenusReportsOthers.o Passenger.o main.o parser.o -lLinkedList 
Info: Nothing to build for TP_[3]
15:31:19 **** Incremental Build of configuration Debug for project TP_[3] ****
Info: Internal Builder is used for build
gcc -O0 -g3 -Wall -c -fmessage-length=0 -o Controller.o "..\\Controller.c" 
gcc "-LC:\\Users\\super\\repos\\tp_laboratorio_1\\TP_[3]" -o TP_[3].exe Controller.o GetData.o GetPassengerData.o MenusReportsOthers.o Passenger.o main.o parser.o -lLinkedList 
15:32:43 **** Incremental Build of configuration Debug for project TP_[3] ****
Info: Internal Builder is used for build
gcc -O0 -g3 -Wall -c -fmessage-length=0 -o Controller.o "..\\Controller.c" 
gcc "-LC:\\Users\\super\\repos\\tp_laboratorio_1\\TP_[3]" -o TP_[3].exe Controller.o GetData.o GetPassengerData.o MenusReportsOthers.o Passenger.o main.o parser.o -lLinkedList 
Info: Nothing to build for TP_[3]
15:35:47 **** Incremental Build of configuration Debug for project TP_[3] ****
Info: Internal Builder is used for build
gcc -O0 -g3 -Wall -c -fmessage-length=0 -o GetData.o "..\\GetData.c" 
gcc "-LC:\\Users\\super\\repos\\tp_laboratorio_1\\TP_[3]" -o TP_[3].exe Controller.o GetData.o GetPassengerData.o MenusReportsOthers.o Passenger.o main.o parser.o -lLinkedList 
15:37:53 **** Incremental Build of configuration Debug for project TP_[3] ****
Info: Internal Builder is used for build
gcc -O0 -g3 -Wall -c -fmessage-length=0 -o GetData.o "..\\GetData.c" 
gcc "-LC:\\Users\\super\\repos\\tp_laboratorio_1\\TP_[3]" -o TP_[3].exe Controller.o GetData.o GetPassengerData.o MenusReportsOthers.o Passenger.o main.o parser.o -lLinkedList 
Info: Nothing to build for TP_[3]
15:39:46 **** Incremental Build of configuration Debug for project TP_[3] ****
Info: Internal Builder is used for build
gcc -O0 -g3 -Wall -c -fmessage-length=0 -o GetData.o "..\\GetData.c" 
gcc -O0 -g3 -Wall -c -fmessage-length=0 -o Controller.o "..\\Controller.c" 
gcc "-LC:\\Users\\super\\repos\\tp_laboratorio_1\\TP_[3]" -o TP_[3].exe Controller.o GetData.o GetPassengerData.o MenusReportsOthers.o Passenger.o main.o parser.o -lLinkedList 
c:/mingw/bin/../lib/gcc/mingw32/9.2.0/../../../../mingw32/bin/ld.exe: cannot open output file TP_[3].exe: Permission denied
collect2.exe: error: ld returned 1 exit status
15:39:52 **** Incremental Build of configuration Debug for project TP_[3] ****
Info: Internal Builder is used for build
gcc "-LC:\\Users\\super\\repos\\tp_laboratorio_1\\TP_[3]" -o TP_[3].exe Controller.o GetData.o GetPassengerData.o MenusReportsOthers.o Passenger.o main.o parser.o -lLinkedList 
15:46:19 **** Incremental Build of configuration Debug for project TP_[3] ****
Info: Internal Builder is used for build
gcc -O0 -g3 -Wall -c -fmessage-length=0 -o GetData.o "..\\GetData.c" 
gcc "-LC:\\Users\\super\\repos\\tp_laboratorio_1\\TP_[3]" -o TP_[3].exe Controller.o GetData.o GetPassengerData.o MenusReportsOthers.o Passenger.o main.o parser.o -lLinkedList 
Info: Nothing to build for TP_[3]
15:48:39 **** Incremental Build of configuration Debug for project TP_[3] ****
Info: Internal Builder is used for build
gcc -O0 -g3 -Wall -c -fmessage-length=0 -o GetData.o "..\\GetData.c" 
gcc "-LC:\\Users\\super\\repos\\tp_laboratorio_1\\TP_[3]" -o TP_[3].exe Controller.o GetData.o GetPassengerData.o MenusReportsOthers.o Passenger.o main.o parser.o -lLinkedList 
Info: Nothing to build for TP_[3]
15:52:27 **** Incremental Build of configuration Debug for project TP_[3] ****
Info: Internal Builder is used for build
gcc -O0 -g3 -Wall -c -fmessage-length=0 -o GetData.o "..\\GetData.c" 
gcc "-LC:\\Users\\super\\repos\\tp_laboratorio_1\\TP_[3]" -o TP_[3].exe Controller.o GetData.o GetPassengerData.o MenusReportsOthers.o Passenger.o main.o parser.o -lLinkedList 
Info: Nothing to build for TP_[3]
15:54:05 **** Incremental Build of configuration Debug for project TP_[3] ****
Info: Internal Builder is used for build
gcc -O0 -g3 -Wall -c -fmessage-length=0 -o GetData.o "..\\GetData.c" 
gcc "-LC:\\Users\\super\\repos\\tp_laboratorio_1\\TP_[3]" -o TP_[3].exe Controller.o GetData.o GetPassengerData.o MenusReportsOthers.o Passenger.o main.o parser.o -lLinkedList 
Info: Nothing to build for TP_[3]
15:57:20 **** Incremental Build of configuration Debug for project TP_[3] ****
Info: Internal Builder is used for build
gcc -O0 -g3 -Wall -c -fmessage-length=0 -o GetData.o "..\\GetData.c" 
gcc "-LC:\\Users\\super\\repos\\tp_laboratorio_1\\TP_[3]" -o TP_[3].exe Controller.o GetData.o GetPassengerData.o MenusReportsOthers.o Passenger.o main.o parser.o -lLinkedList 
Info: Nothing to build for TP_[3]
16:06:32 **** Incremental Build of configuration Debug for project TP_[3] ****
Info: Internal Builder is used for build
gcc -O0 -g3 -Wall -c -fmessage-length=0 -o Controller.o "..\\Controller.c" 
gcc -O0 -g3 -Wall -c -fmessage-length=0 -o GetData.o "..\\GetData.c" 
..\GetData.c: In function 'getArrayOfLettersAndNumbers':
..\GetData.c:281:2: error: unknown type name 'let'
  281 |  let i;
      |  ^~~
16:06:44 **** Incremental Build of configuration Debug for project TP_[3] ****
Info: Internal Builder is used for build
gcc -O0 -g3 -Wall -c -fmessage-length=0 -o GetData.o "..\\GetData.c" 
gcc "-LC:\\Users\\super\\repos\\tp_laboratorio_1\\TP_[3]" -o TP_[3].exe Controller.o GetData.o GetPassengerData.o MenusReportsOthers.o Passenger.o main.o parser.o -lLinkedList 
Info: Nothing to build for TP_[3]
16:09:34 **** Incremental Build of configuration Debug for project TP_[3] ****
Info: Internal Builder is used for build
gcc -O0 -g3 -Wall -c -fmessage-length=0 -o GetPassengerData.o "..\\GetPassengerData.c" 
gcc "-LC:\\Users\\super\\repos\\tp_laboratorio_1\\TP_[3]" -o TP_[3].exe Controller.o GetData.o GetPassengerData.o MenusReportsOthers.o Passenger.o main.o parser.o -lLinkedList 
Info: Nothing to build for TP_[3]
16:12:21 **** Incremental Build of configuration Debug for project TP_[3] ****
Info: Internal Builder is used for build
gcc -O0 -g3 -Wall -c -fmessage-length=0 -o GetPassengerData.o "..\\GetPassengerData.c" 
gcc "-LC:\\Users\\super\\repos\\tp_laboratorio_1\\TP_[3]" -o TP_[3].exe Controller.o GetData.o GetPassengerData.o MenusReportsOthers.o Passenger.o main.o parser.o -lLinkedList 
Info: Nothing to build for TP_[3]
16:14:01 **** Incremental Build of configuration Debug for project TP_[3] ****
Info: Internal Builder is used for build
gcc -O0 -g3 -Wall -c -fmessage-length=0 -o GetPassengerData.o "..\\GetPassengerData.c" 
gcc -O0 -g3 -Wall -c -fmessage-length=0 -o Controller.o "..\\Controller.c" 
gcc "-LC:\\Users\\super\\repos\\tp_laboratorio_1\\TP_[3]" -o TP_[3].exe Controller.o GetData.o GetPassengerData.o MenusReportsOthers.o Passenger.o main.o parser.o -lLinkedList 
Info: Nothing to build for TP_[3]
16:29:29 **** Incremental Build of configuration Debug for project TP_[3] ****
Info: Internal Builder is used for build
gcc -O0 -g3 -Wall -c -fmessage-length=0 -o GetData.o "..\\GetData.c" 
..\GetData.c: In function 'getArrayOfLettersAndNumbers':
..\GetData.c:280:6: warning: unused variable 'i' [-Wunused-variable]
  280 |  int i;
      |      ^
gcc -O0 -g3 -Wall -c -fmessage-length=0 -o Controller.o "..\\Controller.c" 
gcc "-LC:\\Users\\super\\repos\\tp_laboratorio_1\\TP_[3]" -o TP_[3].exe Controller.o GetData.o GetPassengerData.o MenusReportsOthers.o Passenger.o main.o parser.o -lLinkedList 
16:29:45 **** Incremental Build of configuration Debug for project TP_[3] ****
Info: Internal Builder is used for build
gcc -O0 -g3 -Wall -c -fmessage-length=0 -o GetData.o "..\\GetData.c" 
gcc "-LC:\\Users\\super\\repos\\tp_laboratorio_1\\TP_[3]" -o TP_[3].exe Controller.o GetData.o GetPassengerData.o MenusReportsOthers.o Passenger.o main.o parser.o -lLinkedList 
Info: Nothing to build for TP_[3]
16:34:42 **** Incremental Build of configuration Debug for project TP_[3] ****
Info: Internal Builder is used for build
gcc -O0 -g3 -Wall -c -fmessage-length=0 -o Controller.o "..\\Controller.c" 
..\Controller.c: In function 'controller_addPassenger':
..\Controller.c:123:33: error: incompatible type for argument 1 of 'showPax'
  123 |      showPax(pArrayListPassenger[0]);
      |              ~~~~~~~~~~~~~~~~~~~^~~
      |                                 |
      |                                 LinkedList {aka struct LinkedList}
..\Controller.c:39:26: note: expected 'Passenger *' {aka 'struct <anonymous> *'} but argument is of type 'LinkedList' {aka 'struct LinkedList'}
   39 | void showPax(Passenger * pax) {
      |              ~~~~~~~~~~~~^~~
16:38:31 **** Incremental Build of configuration Debug for project TP_[3] ****
Info: Internal Builder is used for build
gcc -O0 -g3 -Wall -c -fmessage-length=0 -o Passenger.o "..\\Passenger.c" 
gcc -O0 -g3 -Wall -c -fmessage-length=0 -o Controller.o "..\\Controller.c" 
gcc -O0 -g3 -Wall -c -fmessage-length=0 -o MenusReportsOthers.o "..\\MenusReportsOthers.c" 
gcc "-LC:\\Users\\super\\repos\\tp_laboratorio_1\\TP_[3]" -o TP_[3].exe Controller.o GetData.o GetPassengerData.o MenusReportsOthers.o Passenger.o main.o parser.o -lLinkedList 
Info: Nothing to build for TP_[3]
16:44:34 **** Incremental Build of configuration Debug for project TP_[3] ****
Info: Internal Builder is used for build
gcc -O0 -g3 -Wall -c -fmessage-length=0 -o Controller.o "..\\Controller.c" 
gcc "-LC:\\Users\\super\\repos\\tp_laboratorio_1\\TP_[3]" -o TP_[3].exe Controller.o GetData.o GetPassengerData.o MenusReportsOthers.o Passenger.o main.o parser.o -lLinkedList 
Info: Nothing to build for TP_[3]
